0 info it worked if it ends with ok
1 verbose cli [ 'node', '/usr/local/bin/npm', 'install' ]
2 info using npm@1.4.28
3 info using node@v0.10.33
4 verbose readDependencies using package.json deps
5 verbose install where, deps [ '/Users/honux/dev/github/reveal.js',
5 verbose install   [ 'underscore',
5 verbose install     'express',
5 verbose install     'mustache',
5 verbose install     'socket.io',
5 verbose install     'grunt-contrib-qunit',
5 verbose install     'grunt-contrib-jshint',
5 verbose install     'grunt-contrib-cssmin',
5 verbose install     'grunt-contrib-uglify',
5 verbose install     'grunt-contrib-watch',
5 verbose install     'grunt-sass',
5 verbose install     'grunt-contrib-connect',
5 verbose install     'grunt-autoprefixer',
5 verbose install     'grunt-zip',
5 verbose install     'grunt',
5 verbose install     'node-sass' ] ]
6 info preinstall reveal.js@3.0.0
7 verbose readDependencies using package.json deps
8 verbose cache add [ 'express@~2.5.9', null ]
9 verbose cache add name=undefined spec="express@~2.5.9" args=["express@~2.5.9",null]
10 verbose parsed url { protocol: null,
10 verbose parsed url   slashes: null,
10 verbose parsed url   auth: null,
10 verbose parsed url   host: null,
10 verbose parsed url   port: null,
10 verbose parsed url   hostname: null,
10 verbose parsed url   hash: null,
10 verbose parsed url   search: null,
10 verbose parsed url   query: null,
10 verbose parsed url   pathname: 'express@~2.5.9',
10 verbose parsed url   path: 'express@~2.5.9',
10 verbose parsed url   href: 'express@~2.5.9' }
11 verbose cache add [ 'mustache@~0.7.2', null ]
12 verbose cache add name=undefined spec="mustache@~0.7.2" args=["mustache@~0.7.2",null]
13 verbose parsed url { protocol: null,
13 verbose parsed url   slashes: null,
13 verbose parsed url   auth: null,
13 verbose parsed url   host: null,
13 verbose parsed url   port: null,
13 verbose parsed url   hostname: null,
13 verbose parsed url   hash: null,
13 verbose parsed url   search: null,
13 verbose parsed url   query: null,
13 verbose parsed url   pathname: 'mustache@~0.7.2',
13 verbose parsed url   path: 'mustache@~0.7.2',
13 verbose parsed url   href: 'mustache@~0.7.2' }
14 verbose cache add [ 'socket.io@~0.9.16', null ]
15 verbose cache add name=undefined spec="socket.io@~0.9.16" args=["socket.io@~0.9.16",null]
16 verbose parsed url { protocol: null,
16 verbose parsed url   slashes: null,
16 verbose parsed url   auth: null,
16 verbose parsed url   host: null,
16 verbose parsed url   port: null,
16 verbose parsed url   hostname: null,
16 verbose parsed url   hash: null,
16 verbose parsed url   search: null,
16 verbose parsed url   query: null,
16 verbose parsed url   pathname: 'socket.io@~0.9.16',
16 verbose parsed url   path: 'socket.io@~0.9.16',
16 verbose parsed url   href: 'socket.io@~0.9.16' }
17 verbose cache add name="express" spec="~2.5.9" args=["express","~2.5.9"]
18 verbose parsed url { protocol: null,
18 verbose parsed url   slashes: null,
18 verbose parsed url   auth: null,
18 verbose parsed url   host: null,
18 verbose parsed url   port: null,
18 verbose parsed url   hostname: null,
18 verbose parsed url   hash: null,
18 verbose parsed url   search: null,
18 verbose parsed url   query: null,
18 verbose parsed url   pathname: '~2.5.9',
18 verbose parsed url   path: '~2.5.9',
18 verbose parsed url   href: '~2.5.9' }
19 verbose addNamed [ 'express', '~2.5.9' ]
20 verbose addNamed [ null, '>=2.5.9-0 <2.6.0-0' ]
21 verbose cache add name="mustache" spec="~0.7.2" args=["mustache","~0.7.2"]
22 verbose parsed url { protocol: null,
22 verbose parsed url   slashes: null,
22 verbose parsed url   auth: null,
22 verbose parsed url   host: null,
22 verbose parsed url   port: null,
22 verbose parsed url   hostname: null,
22 verbose parsed url   hash: null,
22 verbose parsed url   search: null,
22 verbose parsed url   query: null,
22 verbose parsed url   pathname: '~0.7.2',
22 verbose parsed url   path: '~0.7.2',
22 verbose parsed url   href: '~0.7.2' }
23 verbose addNamed [ 'mustache', '~0.7.2' ]
24 verbose addNamed [ null, '>=0.7.2-0 <0.8.0-0' ]
25 verbose cache add [ 'grunt-contrib-qunit@~0.5.2', null ]
26 verbose cache add name=undefined spec="grunt-contrib-qunit@~0.5.2" args=["grunt-contrib-qunit@~0.5.2",null]
27 verbose parsed url { protocol: null,
27 verbose parsed url   slashes: null,
27 verbose parsed url   auth: null,
27 verbose parsed url   host: null,
27 verbose parsed url   port: null,
27 verbose parsed url   hostname: null,
27 verbose parsed url   hash: null,
27 verbose parsed url   search: null,
27 verbose parsed url   query: null,
27 verbose parsed url   pathname: 'grunt-contrib-qunit@~0.5.2',
27 verbose parsed url   path: 'grunt-contrib-qunit@~0.5.2',
27 verbose parsed url   href: 'grunt-contrib-qunit@~0.5.2' }
28 verbose cache add [ 'grunt-contrib-jshint@~0.6.4', null ]
29 verbose cache add name=undefined spec="grunt-contrib-jshint@~0.6.4" args=["grunt-contrib-jshint@~0.6.4",null]
30 verbose parsed url { protocol: null,
30 verbose parsed url   slashes: null,
30 verbose parsed url   auth: null,
30 verbose parsed url   host: null,
30 verbose parsed url   port: null,
30 verbose parsed url   hostname: null,
30 verbose parsed url   hash: null,
30 verbose parsed url   search: null,
30 verbose parsed url   query: null,
30 verbose parsed url   pathname: 'grunt-contrib-jshint@~0.6.4',
30 verbose parsed url   path: 'grunt-contrib-jshint@~0.6.4',
30 verbose parsed url   href: 'grunt-contrib-jshint@~0.6.4' }
31 verbose cache add name="socket.io" spec="~0.9.16" args=["socket.io","~0.9.16"]
32 verbose parsed url { protocol: null,
32 verbose parsed url   slashes: null,
32 verbose parsed url   auth: null,
32 verbose parsed url   host: null,
32 verbose parsed url   port: null,
32 verbose parsed url   hostname: null,
32 verbose parsed url   hash: null,
32 verbose parsed url   search: null,
32 verbose parsed url   query: null,
32 verbose parsed url   pathname: '~0.9.16',
32 verbose parsed url   path: '~0.9.16',
32 verbose parsed url   href: '~0.9.16' }
33 verbose addNamed [ 'socket.io', '~0.9.16' ]
34 verbose addNamed [ null, '>=0.9.16-0 <0.10.0-0' ]
35 silly lockFile 0d367583-express-2-5-9 express@~2.5.9
36 verbose lock express@~2.5.9 /Users/honux/.npm/0d367583-express-2-5-9.lock
37 silly lockFile 171b84f8-mustache-0-7-2 mustache@~0.7.2
38 verbose lock mustache@~0.7.2 /Users/honux/.npm/171b84f8-mustache-0-7-2.lock
39 silly lockFile 673bedd6-socket-io-0-9-16 socket.io@~0.9.16
40 verbose lock socket.io@~0.9.16 /Users/honux/.npm/673bedd6-socket-io-0-9-16.lock
41 verbose cache add name="grunt-contrib-qunit" spec="~0.5.2" args=["grunt-contrib-qunit","~0.5.2"]
42 verbose parsed url { protocol: null,
42 verbose parsed url   slashes: null,
42 verbose parsed url   auth: null,
42 verbose parsed url   host: null,
42 verbose parsed url   port: null,
42 verbose parsed url   hostname: null,
42 verbose parsed url   hash: null,
42 verbose parsed url   search: null,
42 verbose parsed url   query: null,
42 verbose parsed url   pathname: '~0.5.2',
42 verbose parsed url   path: '~0.5.2',
42 verbose parsed url   href: '~0.5.2' }
43 verbose addNamed [ 'grunt-contrib-qunit', '~0.5.2' ]
44 verbose addNamed [ null, '>=0.5.2-0 <0.6.0-0' ]
45 silly lockFile a537bb75-grunt-contrib-qunit-0-5-2 grunt-contrib-qunit@~0.5.2
46 verbose lock grunt-contrib-qunit@~0.5.2 /Users/honux/.npm/a537bb75-grunt-contrib-qunit-0-5-2.lock
47 verbose cache add [ 'grunt-contrib-cssmin@~0.4.1', null ]
48 verbose cache add name=undefined spec="grunt-contrib-cssmin@~0.4.1" args=["grunt-contrib-cssmin@~0.4.1",null]
49 verbose parsed url { protocol: null,
49 verbose parsed url   slashes: null,
49 verbose parsed url   auth: null,
49 verbose parsed url   host: null,
49 verbose parsed url   port: null,
49 verbose parsed url   hostname: null,
49 verbose parsed url   hash: null,
49 verbose parsed url   search: null,
49 verbose parsed url   query: null,
49 verbose parsed url   pathname: 'grunt-contrib-cssmin@~0.4.1',
49 verbose parsed url   path: 'grunt-contrib-cssmin@~0.4.1',
49 verbose parsed url   href: 'grunt-contrib-cssmin@~0.4.1' }
50 verbose cache add [ 'grunt-contrib-uglify@~0.2.4', null ]
51 verbose cache add name=undefined spec="grunt-contrib-uglify@~0.2.4" args=["grunt-contrib-uglify@~0.2.4",null]
52 verbose parsed url { protocol: null,
52 verbose parsed url   slashes: null,
52 verbose parsed url   auth: null,
52 verbose parsed url   host: null,
52 verbose parsed url   port: null,
52 verbose parsed url   hostname: null,
52 verbose parsed url   hash: null,
52 verbose parsed url   search: null,
52 verbose parsed url   query: null,
52 verbose parsed url   pathname: 'grunt-contrib-uglify@~0.2.4',
52 verbose parsed url   path: 'grunt-contrib-uglify@~0.2.4',
52 verbose parsed url   href: 'grunt-contrib-uglify@~0.2.4' }
53 verbose cache add [ 'grunt-contrib-watch@~0.5.3', null ]
54 verbose cache add name=undefined spec="grunt-contrib-watch@~0.5.3" args=["grunt-contrib-watch@~0.5.3",null]
55 verbose parsed url { protocol: null,
55 verbose parsed url   slashes: null,
55 verbose parsed url   auth: null,
55 verbose parsed url   host: null,
55 verbose parsed url   port: null,
55 verbose parsed url   hostname: null,
55 verbose parsed url   hash: null,
55 verbose parsed url   search: null,
55 verbose parsed url   query: null,
55 verbose parsed url   pathname: 'grunt-contrib-watch@~0.5.3',
55 verbose parsed url   path: 'grunt-contrib-watch@~0.5.3',
55 verbose parsed url   href: 'grunt-contrib-watch@~0.5.3' }
56 verbose cache add name="grunt-contrib-jshint" spec="~0.6.4" args=["grunt-contrib-jshint","~0.6.4"]
57 verbose parsed url { protocol: null,
57 verbose parsed url   slashes: null,
57 verbose parsed url   auth: null,
57 verbose parsed url   host: null,
57 verbose parsed url   port: null,
57 verbose parsed url   hostname: null,
57 verbose parsed url   hash: null,
57 verbose parsed url   search: null,
57 verbose parsed url   query: null,
57 verbose parsed url   pathname: '~0.6.4',
57 verbose parsed url   path: '~0.6.4',
57 verbose parsed url   href: '~0.6.4' }
58 verbose addNamed [ 'grunt-contrib-jshint', '~0.6.4' ]
59 verbose addNamed [ null, '>=0.6.4-0 <0.7.0-0' ]
60 silly lockFile cd9f4e50-grunt-contrib-jshint-0-6-4 grunt-contrib-jshint@~0.6.4
61 verbose lock grunt-contrib-jshint@~0.6.4 /Users/honux/.npm/cd9f4e50-grunt-contrib-jshint-0-6-4.lock
62 verbose cache add name="grunt-contrib-cssmin" spec="~0.4.1" args=["grunt-contrib-cssmin","~0.4.1"]
63 verbose parsed url { protocol: null,
63 verbose parsed url   slashes: null,
63 verbose parsed url   auth: null,
63 verbose parsed url   host: null,
63 verbose parsed url   port: null,
63 verbose parsed url   hostname: null,
63 verbose parsed url   hash: null,
63 verbose parsed url   search: null,
63 verbose parsed url   query: null,
63 verbose parsed url   pathname: '~0.4.1',
63 verbose parsed url   path: '~0.4.1',
63 verbose parsed url   href: '~0.4.1' }
64 verbose addNamed [ 'grunt-contrib-cssmin', '~0.4.1' ]
65 verbose addNamed [ null, '>=0.4.1-0 <0.5.0-0' ]
66 silly lockFile dc4c5971-grunt-contrib-cssmin-0-4-1 grunt-contrib-cssmin@~0.4.1
67 verbose lock grunt-contrib-cssmin@~0.4.1 /Users/honux/.npm/dc4c5971-grunt-contrib-cssmin-0-4-1.lock
68 verbose cache add name="grunt-contrib-uglify" spec="~0.2.4" args=["grunt-contrib-uglify","~0.2.4"]
69 verbose parsed url { protocol: null,
69 verbose parsed url   slashes: null,
69 verbose parsed url   auth: null,
69 verbose parsed url   host: null,
69 verbose parsed url   port: null,
69 verbose parsed url   hostname: null,
69 verbose parsed url   hash: null,
69 verbose parsed url   search: null,
69 verbose parsed url   query: null,
69 verbose parsed url   pathname: '~0.2.4',
69 verbose parsed url   path: '~0.2.4',
69 verbose parsed url   href: '~0.2.4' }
70 verbose addNamed [ 'grunt-contrib-uglify', '~0.2.4' ]
71 verbose addNamed [ null, '>=0.2.4-0 <0.3.0-0' ]
72 silly lockFile dcf05dfd-grunt-contrib-uglify-0-2-4 grunt-contrib-uglify@~0.2.4
73 verbose lock grunt-contrib-uglify@~0.2.4 /Users/honux/.npm/dcf05dfd-grunt-contrib-uglify-0-2-4.lock
74 verbose cache add name="grunt-contrib-watch" spec="~0.5.3" args=["grunt-contrib-watch","~0.5.3"]
75 verbose parsed url { protocol: null,
75 verbose parsed url   slashes: null,
75 verbose parsed url   auth: null,
75 verbose parsed url   host: null,
75 verbose parsed url   port: null,
75 verbose parsed url   hostname: null,
75 verbose parsed url   hash: null,
75 verbose parsed url   search: null,
75 verbose parsed url   query: null,
75 verbose parsed url   pathname: '~0.5.3',
75 verbose parsed url   path: '~0.5.3',
75 verbose parsed url   href: '~0.5.3' }
76 verbose addNamed [ 'grunt-contrib-watch', '~0.5.3' ]
77 verbose addNamed [ null, '>=0.5.3-0 <0.6.0-0' ]
78 silly lockFile b469febc-grunt-contrib-watch-0-5-3 grunt-contrib-watch@~0.5.3
79 verbose lock grunt-contrib-watch@~0.5.3 /Users/honux/.npm/b469febc-grunt-contrib-watch-0-5-3.lock
80 verbose cache add [ 'grunt-sass@~0.14.0', null ]
81 verbose cache add name=undefined spec="grunt-sass@~0.14.0" args=["grunt-sass@~0.14.0",null]
82 verbose parsed url { protocol: null,
82 verbose parsed url   slashes: null,
82 verbose parsed url   auth: null,
82 verbose parsed url   host: null,
82 verbose parsed url   port: null,
82 verbose parsed url   hostname: null,
82 verbose parsed url   hash: null,
82 verbose parsed url   search: null,
82 verbose parsed url   query: null,
82 verbose parsed url   pathname: 'grunt-sass@~0.14.0',
82 verbose parsed url   path: 'grunt-sass@~0.14.0',
82 verbose parsed url   href: 'grunt-sass@~0.14.0' }
83 verbose cache add [ 'grunt-contrib-connect@~0.8.0', null ]
84 verbose cache add name=undefined spec="grunt-contrib-connect@~0.8.0" args=["grunt-contrib-connect@~0.8.0",null]
85 verbose parsed url { protocol: null,
85 verbose parsed url   slashes: null,
85 verbose parsed url   auth: null,
85 verbose parsed url   host: null,
85 verbose parsed url   port: null,
85 verbose parsed url   hostname: null,
85 verbose parsed url   hash: null,
85 verbose parsed url   search: null,
85 verbose parsed url   query: null,
85 verbose parsed url   pathname: 'grunt-contrib-connect@~0.8.0',
85 verbose parsed url   path: 'grunt-contrib-connect@~0.8.0',
85 verbose parsed url   href: 'grunt-contrib-connect@~0.8.0' }
86 verbose cache add [ 'grunt-autoprefixer@~1.0.1', null ]
87 verbose cache add name=undefined spec="grunt-autoprefixer@~1.0.1" args=["grunt-autoprefixer@~1.0.1",null]
88 verbose parsed url { protocol: null,
88 verbose parsed url   slashes: null,
88 verbose parsed url   auth: null,
88 verbose parsed url   host: null,
88 verbose parsed url   port: null,
88 verbose parsed url   hostname: null,
88 verbose parsed url   hash: null,
88 verbose parsed url   search: null,
88 verbose parsed url   query: null,
88 verbose parsed url   pathname: 'grunt-autoprefixer@~1.0.1',
88 verbose parsed url   path: 'grunt-autoprefixer@~1.0.1',
88 verbose parsed url   href: 'grunt-autoprefixer@~1.0.1' }
89 verbose cache add [ 'grunt-zip@~0.7.0', null ]
90 verbose cache add name=undefined spec="grunt-zip@~0.7.0" args=["grunt-zip@~0.7.0",null]
91 verbose parsed url { protocol: null,
91 verbose parsed url   slashes: null,
91 verbose parsed url   auth: null,
91 verbose parsed url   host: null,
91 verbose parsed url   port: null,
91 verbose parsed url   hostname: null,
91 verbose parsed url   hash: null,
91 verbose parsed url   search: null,
91 verbose parsed url   query: null,
91 verbose parsed url   pathname: 'grunt-zip@~0.7.0',
91 verbose parsed url   path: 'grunt-zip@~0.7.0',
91 verbose parsed url   href: 'grunt-zip@~0.7.0' }
92 verbose cache add [ 'grunt@~0.4.0', null ]
93 verbose cache add name=undefined spec="grunt@~0.4.0" args=["grunt@~0.4.0",null]
94 verbose parsed url { protocol: null,
94 verbose parsed url   slashes: null,
94 verbose parsed url   auth: null,
94 verbose parsed url   host: null,
94 verbose parsed url   port: null,
94 verbose parsed url   hostname: null,
94 verbose parsed url   hash: null,
94 verbose parsed url   search: null,
94 verbose parsed url   query: null,
94 verbose parsed url   pathname: 'grunt@~0.4.0',
94 verbose parsed url   path: 'grunt@~0.4.0',
94 verbose parsed url   href: 'grunt@~0.4.0' }
95 verbose cache add [ 'node-sass@~0.9.3', null ]
96 verbose cache add name=undefined spec="node-sass@~0.9.3" args=["node-sass@~0.9.3",null]
97 verbose parsed url { protocol: null,
97 verbose parsed url   slashes: null,
97 verbose parsed url   auth: null,
97 verbose parsed url   host: null,
97 verbose parsed url   port: null,
97 verbose parsed url   hostname: null,
97 verbose parsed url   hash: null,
97 verbose parsed url   search: null,
97 verbose parsed url   query: null,
97 verbose parsed url   pathname: 'node-sass@~0.9.3',
97 verbose parsed url   path: 'node-sass@~0.9.3',
97 verbose parsed url   href: 'node-sass@~0.9.3' }
98 verbose cache add [ 'underscore@~1.5.1', null ]
99 verbose cache add name=undefined spec="underscore@~1.5.1" args=["underscore@~1.5.1",null]
100 verbose parsed url { protocol: null,
100 verbose parsed url   slashes: null,
100 verbose parsed url   auth: null,
100 verbose parsed url   host: null,
100 verbose parsed url   port: null,
100 verbose parsed url   hostname: null,
100 verbose parsed url   hash: null,
100 verbose parsed url   search: null,
100 verbose parsed url   query: null,
100 verbose parsed url   pathname: 'underscore@~1.5.1',
100 verbose parsed url   path: 'underscore@~1.5.1',
100 verbose parsed url   href: 'underscore@~1.5.1' }
101 silly addNameRange { name: 'express', range: '>=2.5.9-0 <2.6.0-0', hasData: false }
102 silly addNameRange { name: 'mustache', range: '>=0.7.2-0 <0.8.0-0', hasData: false }
103 silly addNameRange { name: 'socket.io',
103 silly addNameRange   range: '>=0.9.16-0 <0.10.0-0',
103 silly addNameRange   hasData: false }
104 silly addNameRange { name: 'grunt-contrib-qunit',
104 silly addNameRange   range: '>=0.5.2-0 <0.6.0-0',
104 silly addNameRange   hasData: false }
105 verbose cache add name="grunt-sass" spec="~0.14.0" args=["grunt-sass","~0.14.0"]
106 verbose parsed url { protocol: null,
106 verbose parsed url   slashes: null,
106 verbose parsed url   auth: null,
106 verbose parsed url   host: null,
106 verbose parsed url   port: null,
106 verbose parsed url   hostname: null,
106 verbose parsed url   hash: null,
106 verbose parsed url   search: null,
106 verbose parsed url   query: null,
106 verbose parsed url   pathname: '~0.14.0',
106 verbose parsed url   path: '~0.14.0',
106 verbose parsed url   href: '~0.14.0' }
107 verbose addNamed [ 'grunt-sass', '~0.14.0' ]
108 verbose addNamed [ null, '>=0.14.0-0 <0.15.0-0' ]
109 silly lockFile 26d2282a-grunt-sass-0-14-0 grunt-sass@~0.14.0
110 verbose lock grunt-sass@~0.14.0 /Users/honux/.npm/26d2282a-grunt-sass-0-14-0.lock
111 verbose cache add name="grunt-contrib-connect" spec="~0.8.0" args=["grunt-contrib-connect","~0.8.0"]
112 verbose parsed url { protocol: null,
112 verbose parsed url   slashes: null,
112 verbose parsed url   auth: null,
112 verbose parsed url   host: null,
112 verbose parsed url   port: null,
112 verbose parsed url   hostname: null,
112 verbose parsed url   hash: null,
112 verbose parsed url   search: null,
112 verbose parsed url   query: null,
112 verbose parsed url   pathname: '~0.8.0',
112 verbose parsed url   path: '~0.8.0',
112 verbose parsed url   href: '~0.8.0' }
113 verbose addNamed [ 'grunt-contrib-connect', '~0.8.0' ]
114 verbose addNamed [ null, '>=0.8.0-0 <0.9.0-0' ]
115 silly lockFile ebb9bf51-grunt-contrib-connect-0-8-0 grunt-contrib-connect@~0.8.0
116 verbose lock grunt-contrib-connect@~0.8.0 /Users/honux/.npm/ebb9bf51-grunt-contrib-connect-0-8-0.lock
117 verbose cache add name="grunt-autoprefixer" spec="~1.0.1" args=["grunt-autoprefixer","~1.0.1"]
118 verbose parsed url { protocol: null,
118 verbose parsed url   slashes: null,
118 verbose parsed url   auth: null,
118 verbose parsed url   host: null,
118 verbose parsed url   port: null,
118 verbose parsed url   hostname: null,
118 verbose parsed url   hash: null,
118 verbose parsed url   search: null,
118 verbose parsed url   query: null,
118 verbose parsed url   pathname: '~1.0.1',
118 verbose parsed url   path: '~1.0.1',
118 verbose parsed url   href: '~1.0.1' }
119 verbose addNamed [ 'grunt-autoprefixer', '~1.0.1' ]
120 verbose addNamed [ null, '>=1.0.1-0 <1.1.0-0' ]
121 silly lockFile 5b26fa7b-grunt-autoprefixer-1-0-1 grunt-autoprefixer@~1.0.1
122 verbose lock grunt-autoprefixer@~1.0.1 /Users/honux/.npm/5b26fa7b-grunt-autoprefixer-1-0-1.lock
123 verbose cache add name="grunt-zip" spec="~0.7.0" args=["grunt-zip","~0.7.0"]
124 verbose parsed url { protocol: null,
124 verbose parsed url   slashes: null,
124 verbose parsed url   auth: null,
124 verbose parsed url   host: null,
124 verbose parsed url   port: null,
124 verbose parsed url   hostname: null,
124 verbose parsed url   hash: null,
124 verbose parsed url   search: null,
124 verbose parsed url   query: null,
124 verbose parsed url   pathname: '~0.7.0',
124 verbose parsed url   path: '~0.7.0',
124 verbose parsed url   href: '~0.7.0' }
125 verbose addNamed [ 'grunt-zip', '~0.7.0' ]
126 verbose addNamed [ null, '>=0.7.0-0 <0.8.0-0' ]
127 silly lockFile 36198899-grunt-zip-0-7-0 grunt-zip@~0.7.0
128 verbose lock grunt-zip@~0.7.0 /Users/honux/.npm/36198899-grunt-zip-0-7-0.lock
129 verbose cache add name="grunt" spec="~0.4.0" args=["grunt","~0.4.0"]
130 verbose parsed url { protocol: null,
130 verbose parsed url   slashes: null,
130 verbose parsed url   auth: null,
130 verbose parsed url   host: null,
130 verbose parsed url   port: null,
130 verbose parsed url   hostname: null,
130 verbose parsed url   hash: null,
130 verbose parsed url   search: null,
130 verbose parsed url   query: null,
130 verbose parsed url   pathname: '~0.4.0',
130 verbose parsed url   path: '~0.4.0',
130 verbose parsed url   href: '~0.4.0' }
131 verbose addNamed [ 'grunt', '~0.4.0' ]
132 verbose addNamed [ null, '>=0.4.0-0 <0.5.0-0' ]
133 silly lockFile cba964e3-grunt-0-4-0 grunt@~0.4.0
134 verbose lock grunt@~0.4.0 /Users/honux/.npm/cba964e3-grunt-0-4-0.lock
135 verbose cache add name="node-sass" spec="~0.9.3" args=["node-sass","~0.9.3"]
136 verbose parsed url { protocol: null,
136 verbose parsed url   slashes: null,
136 verbose parsed url   auth: null,
136 verbose parsed url   host: null,
136 verbose parsed url   port: null,
136 verbose parsed url   hostname: null,
136 verbose parsed url   hash: null,
136 verbose parsed url   search: null,
136 verbose parsed url   query: null,
136 verbose parsed url   pathname: '~0.9.3',
136 verbose parsed url   path: '~0.9.3',
136 verbose parsed url   href: '~0.9.3' }
137 verbose addNamed [ 'node-sass', '~0.9.3' ]
138 verbose addNamed [ null, '>=0.9.3-0 <0.10.0-0' ]
139 silly lockFile 930c0e3e-node-sass-0-9-3 node-sass@~0.9.3
140 verbose lock node-sass@~0.9.3 /Users/honux/.npm/930c0e3e-node-sass-0-9-3.lock
141 verbose cache add name="underscore" spec="~1.5.1" args=["underscore","~1.5.1"]
142 verbose parsed url { protocol: null,
142 verbose parsed url   slashes: null,
142 verbose parsed url   auth: null,
142 verbose parsed url   host: null,
142 verbose parsed url   port: null,
142 verbose parsed url   hostname: null,
142 verbose parsed url   hash: null,
142 verbose parsed url   search: null,
142 verbose parsed url   query: null,
142 verbose parsed url   pathname: '~1.5.1',
142 verbose parsed url   path: '~1.5.1',
142 verbose parsed url   href: '~1.5.1' }
143 verbose addNamed [ 'underscore', '~1.5.1' ]
144 verbose addNamed [ null, '>=1.5.1-0 <1.6.0-0' ]
145 silly lockFile d90b1381-underscore-1-5-1 underscore@~1.5.1
146 verbose lock underscore@~1.5.1 /Users/honux/.npm/d90b1381-underscore-1-5-1.lock
147 verbose request where is /mustache
148 verbose request registry https://registry.npmjs.org/
149 verbose request id 7e9b1674c90bca78
150 verbose url raw /mustache
151 verbose url resolving [ 'https://registry.npmjs.org/', './mustache' ]
152 verbose url resolved https://registry.npmjs.org/mustache
153 verbose request where is https://registry.npmjs.org/mustache
154 info trying registry request attempt 1 at 14:17:50
155 http GET https://registry.npmjs.org/mustache
156 verbose request where is /socket.io
157 verbose request registry https://registry.npmjs.org/
158 verbose url raw /socket.io
159 verbose url resolving [ 'https://registry.npmjs.org/', './socket.io' ]
160 verbose url resolved https://registry.npmjs.org/socket.io
161 verbose request where is https://registry.npmjs.org/socket.io
162 info trying registry request attempt 1 at 14:17:50
163 http GET https://registry.npmjs.org/socket.io
164 verbose request where is /grunt-contrib-qunit
165 verbose request registry https://registry.npmjs.org/
166 verbose url raw /grunt-contrib-qunit
167 verbose url resolving [ 'https://registry.npmjs.org/', './grunt-contrib-qunit' ]
168 verbose url resolved https://registry.npmjs.org/grunt-contrib-qunit
169 verbose request where is https://registry.npmjs.org/grunt-contrib-qunit
170 info trying registry request attempt 1 at 14:17:50
171 http GET https://registry.npmjs.org/grunt-contrib-qunit
172 silly addNameRange { name: 'grunt-contrib-cssmin',
172 silly addNameRange   range: '>=0.4.1-0 <0.5.0-0',
172 silly addNameRange   hasData: false }
173 silly addNameRange { name: 'grunt-contrib-jshint',
173 silly addNameRange   range: '>=0.6.4-0 <0.7.0-0',
173 silly addNameRange   hasData: false }
174 silly addNameRange { name: 'grunt-contrib-uglify',
174 silly addNameRange   range: '>=0.2.4-0 <0.3.0-0',
174 silly addNameRange   hasData: false }
175 silly addNameRange { name: 'grunt-contrib-watch',
175 silly addNameRange   range: '>=0.5.3-0 <0.6.0-0',
175 silly addNameRange   hasData: false }
176 verbose request where is /grunt-contrib-cssmin
177 verbose request registry https://registry.npmjs.org/
178 verbose url raw /grunt-contrib-cssmin
179 verbose url resolving [ 'https://registry.npmjs.org/', './grunt-contrib-cssmin' ]
180 verbose url resolved https://registry.npmjs.org/grunt-contrib-cssmin
181 verbose request where is https://registry.npmjs.org/grunt-contrib-cssmin
182 info trying registry request attempt 1 at 14:17:50
183 http GET https://registry.npmjs.org/grunt-contrib-cssmin
184 verbose request where is /grunt-contrib-jshint
185 verbose request registry https://registry.npmjs.org/
186 verbose url raw /grunt-contrib-jshint
187 verbose url resolving [ 'https://registry.npmjs.org/', './grunt-contrib-jshint' ]
188 verbose url resolved https://registry.npmjs.org/grunt-contrib-jshint
189 verbose request where is https://registry.npmjs.org/grunt-contrib-jshint
190 info trying registry request attempt 1 at 14:17:50
191 http GET https://registry.npmjs.org/grunt-contrib-jshint
192 verbose request where is /grunt-contrib-uglify
193 verbose request registry https://registry.npmjs.org/
194 verbose url raw /grunt-contrib-uglify
195 verbose url resolving [ 'https://registry.npmjs.org/', './grunt-contrib-uglify' ]
196 verbose url resolved https://registry.npmjs.org/grunt-contrib-uglify
197 verbose request where is https://registry.npmjs.org/grunt-contrib-uglify
198 info trying registry request attempt 1 at 14:17:50
199 http GET https://registry.npmjs.org/grunt-contrib-uglify
200 verbose request where is /grunt-contrib-watch
201 verbose request registry https://registry.npmjs.org/
202 verbose url raw /grunt-contrib-watch
203 verbose url resolving [ 'https://registry.npmjs.org/', './grunt-contrib-watch' ]
204 verbose url resolved https://registry.npmjs.org/grunt-contrib-watch
205 verbose request where is https://registry.npmjs.org/grunt-contrib-watch
206 info trying registry request attempt 1 at 14:17:50
207 http GET https://registry.npmjs.org/grunt-contrib-watch
208 silly addNameRange { name: 'grunt-sass',
208 silly addNameRange   range: '>=0.14.0-0 <0.15.0-0',
208 silly addNameRange   hasData: false }
209 silly addNameRange { name: 'grunt-contrib-connect',
209 silly addNameRange   range: '>=0.8.0-0 <0.9.0-0',
209 silly addNameRange   hasData: false }
210 silly addNameRange { name: 'grunt-autoprefixer',
210 silly addNameRange   range: '>=1.0.1-0 <1.1.0-0',
210 silly addNameRange   hasData: false }
211 silly addNameRange { name: 'grunt-zip',
211 silly addNameRange   range: '>=0.7.0-0 <0.8.0-0',
211 silly addNameRange   hasData: false }
212 silly addNameRange { name: 'grunt', range: '>=0.4.0-0 <0.5.0-0', hasData: false }
213 silly addNameRange { name: 'node-sass',
213 silly addNameRange   range: '>=0.9.3-0 <0.10.0-0',
213 silly addNameRange   hasData: false }
214 silly addNameRange { name: 'underscore',
214 silly addNameRange   range: '>=1.5.1-0 <1.6.0-0',
214 silly addNameRange   hasData: false }
215 verbose request where is /grunt-sass
216 verbose request registry https://registry.npmjs.org/
217 verbose url raw /grunt-sass
218 verbose url resolving [ 'https://registry.npmjs.org/', './grunt-sass' ]
219 verbose url resolved https://registry.npmjs.org/grunt-sass
220 verbose request where is https://registry.npmjs.org/grunt-sass
221 info trying registry request attempt 1 at 14:17:50
222 http GET https://registry.npmjs.org/grunt-sass
223 verbose request where is /grunt-contrib-connect
224 verbose request registry https://registry.npmjs.org/
225 verbose url raw /grunt-contrib-connect
226 verbose url resolving [ 'https://registry.npmjs.org/', './grunt-contrib-connect' ]
227 verbose url resolved https://registry.npmjs.org/grunt-contrib-connect
228 verbose request where is https://registry.npmjs.org/grunt-contrib-connect
229 info trying registry request attempt 1 at 14:17:50
230 http GET https://registry.npmjs.org/grunt-contrib-connect
231 verbose request where is /grunt-autoprefixer
232 verbose request registry https://registry.npmjs.org/
233 verbose url raw /grunt-autoprefixer
234 verbose url resolving [ 'https://registry.npmjs.org/', './grunt-autoprefixer' ]
235 verbose url resolved https://registry.npmjs.org/grunt-autoprefixer
236 verbose request where is https://registry.npmjs.org/grunt-autoprefixer
237 info trying registry request attempt 1 at 14:17:50
238 http GET https://registry.npmjs.org/grunt-autoprefixer
239 verbose request where is /grunt-zip
240 verbose request registry https://registry.npmjs.org/
241 verbose url raw /grunt-zip
242 verbose url resolving [ 'https://registry.npmjs.org/', './grunt-zip' ]
243 verbose url resolved https://registry.npmjs.org/grunt-zip
244 verbose request where is https://registry.npmjs.org/grunt-zip
245 info trying registry request attempt 1 at 14:17:50
246 http GET https://registry.npmjs.org/grunt-zip
247 verbose request where is /grunt
248 verbose request registry https://registry.npmjs.org/
249 verbose url raw /grunt
250 verbose url resolving [ 'https://registry.npmjs.org/', './grunt' ]
251 verbose url resolved https://registry.npmjs.org/grunt
252 verbose request where is https://registry.npmjs.org/grunt
253 info trying registry request attempt 1 at 14:17:50
254 http GET https://registry.npmjs.org/grunt
255 verbose request where is /node-sass
256 verbose request registry https://registry.npmjs.org/
257 verbose url raw /node-sass
258 verbose url resolving [ 'https://registry.npmjs.org/', './node-sass' ]
259 verbose url resolved https://registry.npmjs.org/node-sass
260 verbose request where is https://registry.npmjs.org/node-sass
261 info trying registry request attempt 1 at 14:17:50
262 http GET https://registry.npmjs.org/node-sass
263 verbose request where is /underscore
264 verbose request registry https://registry.npmjs.org/
265 verbose url raw /underscore
266 verbose url resolving [ 'https://registry.npmjs.org/', './underscore' ]
267 verbose url resolved https://registry.npmjs.org/underscore
268 verbose request where is https://registry.npmjs.org/underscore
269 info trying registry request attempt 1 at 14:17:50
270 http GET https://registry.npmjs.org/underscore
271 verbose request where is /express
272 verbose request registry https://registry.npmjs.org/
273 verbose url raw /express
274 verbose url resolving [ 'https://registry.npmjs.org/', './express' ]
275 verbose url resolved https://registry.npmjs.org/express
276 verbose request where is https://registry.npmjs.org/express
277 info trying registry request attempt 1 at 14:17:50
278 verbose etag "9VWKYZ1F4O5IC5ARH8TR2R278"
279 http GET https://registry.npmjs.org/express
280 http 200 https://registry.npmjs.org/socket.io
281 silly registry.get cb [ 200,
281 silly registry.get   { date: 'Sun, 08 Mar 2015 05:17:50 GMT',
281 silly registry.get     server: 'CouchDB/1.5.0 (Erlang OTP/R16B03)',
281 silly registry.get     etag: '"5YSHHA219N9U14BJMV8M43GL"',
281 silly registry.get     'content-type': 'application/json',
281 silly registry.get     'cache-control': 'max-age=60',
281 silly registry.get     'content-length': '112237',
281 silly registry.get     'accept-ranges': 'bytes',
281 silly registry.get     via: '1.1 varnish',
281 silly registry.get     age: '23',
281 silly registry.get     'x-served-by': 'cache-hkg6823-HKG',
281 silly registry.get     'x-cache': 'HIT',
281 silly registry.get     'x-cache-hits': '1',
281 silly registry.get     'x-timer': 'S1425791870.741177,VS0,VE0',
281 silly registry.get     vary: 'Accept',
281 silly registry.get     'keep-alive': 'timeout=10, max=50',
281 silly registry.get     connection: 'Keep-Alive' } ]
282 silly addNameRange number 2 { name: 'socket.io',
282 silly addNameRange   range: '>=0.9.16-0 <0.10.0-0',
282 silly addNameRange   hasData: true }
283 silly addNameRange versions [ 'socket.io',
283 silly addNameRange   [ '0.3.8',
283 silly addNameRange     '0.4.0',
283 silly addNameRange     '0.4.1',
283 silly addNameRange     '0.5.1',
283 silly addNameRange     '0.5.3',
283 silly addNameRange     '0.6.0',
283 silly addNameRange     '0.6.1',
283 silly addNameRange     '0.6.3',
283 silly addNameRange     '0.6.4',
283 silly addNameRange     '0.6.5',
283 silly addNameRange     '0.6.6',
283 silly addNameRange     '0.6.7',
283 silly addNameRange     '0.6.8',
283 silly addNameRange     '0.6.9',
283 silly addNameRange     '0.6.10',
283 silly addNameRange     '0.6.11',
283 silly addNameRange     '0.6.12',
283 silly addNameRange     '0.6.14',
283 silly addNameRange     '0.6.15',
283 silly addNameRange     '0.6.16',
283 silly addNameRange     '0.6.17',
283 silly addNameRange     '0.6.18',
283 silly addNameRange     '0.7.0',
283 silly addNameRange     '0.7.1',
283 silly addNameRange     '0.7.2',
283 silly addNameRange     '0.7.3',
283 silly addNameRange     '0.7.4',
283 silly addNameRange     '0.7.5',
283 silly addNameRange     '0.7.6',
283 silly addNameRange     '0.7.7',
283 silly addNameRange     '0.7.8',
283 silly addNameRange     '0.7.9',
283 silly addNameRange     '0.7.10',
283 silly addNameRange     '0.7.11',
283 silly addNameRange     '0.8.0',
283 silly addNameRange     '0.8.1',
283 silly addNameRange     '0.8.2',
283 silly addNameRange     '0.8.3',
283 silly addNameRange     '0.8.4',
283 silly addNameRange     '0.8.5',
283 silly addNameRange     '0.8.6',
283 silly addNameRange     '0.8.7',
283 silly addNameRange     '0.9.0',
283 silly addNameRange     '0.9.1',
283 silly addNameRange     '0.9.1-1',
283 silly addNameRange     '0.9.2',
283 silly addNameRange     '0.9.3',
283 silly addNameRange     '0.9.4',
283 silly addNameRange     '0.9.5',
283 silly addNameRange     '0.9.6',
283 silly addNameRange     '0.9.7',
283 silly addNameRange     '0.9.8',
283 silly addNameRange     '0.9.9',
283 silly addNameRange     '0.9.10',
283 silly addNameRange     '0.9.11',
283 silly addNameRange     '0.9.12',
283 silly addNameRange     '0.9.13',
283 silly addNameRange     '0.9.14',
283 silly addNameRange     '0.9.15',
283 silly addNameRange     '0.9.16',
283 silly addNameRange     '1.0.0-pre',
283 silly addNameRange     '1.0.0-pre2',
283 silly addNameRange     '1.0.0-pre3',
283 silly addNameRange     '1.0.0-pre4',
283 silly addNameRange     '1.0.0-pre5',
283 silly addNameRange     '0.9.17',
283 silly addNameRange     '1.0.0',
283 silly addNameRange     '1.0.1',
283 silly addNameRange     '1.0.2',
283 silly addNameRange     '1.0.3',
283 silly addNameRange     '1.0.4',
283 silly addNameRange     '1.0.5',
283 silly addNameRange     '1.0.6',
283 silly addNameRange     '1.1.0',
283 silly addNameRange     '1.2.0',
283 silly addNameRange     '1.2.1',
283 silly addNameRange     '1.3.0',
283 silly addNameRange     '1.3.1',
283 silly addNameRange     '1.3.2',
283 silly addNameRange     '1.3.3',
283 silly addNameRange     '1.3.4',
283 silly addNameRange     '1.3.5' ] ]
284 verbose addNamed [ 'socket.io', '0.9.17' ]
285 verbose addNamed [ '0.9.17', '0.9.17' ]
286 silly lockFile 1593240a-socket-io-0-9-17 socket.io@0.9.17
287 verbose lock socket.io@0.9.17 /Users/honux/.npm/1593240a-socket-io-0-9-17.lock
288 silly lockFile dc5b8fe7-g-socket-io-socket-io-0-9-17-tgz https://registry.npmjs.org/socket.io/-/socket.io-0.9.17.tgz
289 verbose lock https://registry.npmjs.org/socket.io/-/socket.io-0.9.17.tgz /Users/honux/.npm/dc5b8fe7-g-socket-io-socket-io-0-9-17-tgz.lock
290 verbose addRemoteTarball [ 'https://registry.npmjs.org/socket.io/-/socket.io-0.9.17.tgz',
290 verbose addRemoteTarball   'ca389268fb2cd5df4b59218490a08c907581c9ec' ]
291 info retry fetch attempt 1 at 14:17:51
292 verbose fetch to= /var/folders/sm/1ty1lshd72s_b93zvtd0qdx40000gn/T/npm-2825-6Lk60oyf/registry.npmjs.org/socket.io/-/socket.io-0.9.17.tgz
293 http GET https://registry.npmjs.org/socket.io/-/socket.io-0.9.17.tgz
294 http 200 https://registry.npmjs.org/socket.io/-/socket.io-0.9.17.tgz
295 http 200 https://registry.npmjs.org/grunt-contrib-qunit
296 silly registry.get cb [ 200,
296 silly registry.get   { date: 'Sun, 08 Mar 2015 05:17:51 GMT',
296 silly registry.get     server: 'CouchDB/1.5.0 (Erlang OTP/R16B03)',
296 silly registry.get     etag: '"GM54USCQBMP2PRYCLWR1O26H"',
296 silly registry.get     'content-type': 'application/json',
296 silly registry.get     'cache-control': 'max-age=60',
296 silly registry.get     'content-length': '30194',
296 silly registry.get     'accept-ranges': 'bytes',
296 silly registry.get     via: '1.1 varnish',
296 silly registry.get     age: '0',
296 silly registry.get     'x-served-by': 'cache-hkg6825-HKG',
296 silly registry.get     'x-cache': 'MISS',
296 silly registry.get     'x-cache-hits': '0',
296 silly registry.get     'x-timer': 'S1425791870.740082,VS0,VE608',
296 silly registry.get     vary: 'Accept',
296 silly registry.get     'keep-alive': 'timeout=10, max=50',
296 silly registry.get     connection: 'Keep-Alive' } ]
297 silly addNameRange number 2 { name: 'grunt-contrib-qunit',
297 silly addNameRange   range: '>=0.5.2-0 <0.6.0-0',
297 silly addNameRange   hasData: true }
298 silly addNameRange versions [ 'grunt-contrib-qunit',
298 silly addNameRange   [ '0.1.0',
298 silly addNameRange     '0.1.1',
298 silly addNameRange     '0.2.0',
298 silly addNameRange     '0.2.1',
298 silly addNameRange     '0.2.2',
298 silly addNameRange     '0.3.0',
298 silly addNameRange     '0.4.0',
298 silly addNameRange     '0.5.0',
298 silly addNameRange     '0.5.1',
298 silly addNameRange     '0.5.2',
298 silly addNameRange     '0.1.1-rc5',
298 silly addNameRange     '0.1.1-rc6' ] ]
299 verbose addNamed [ 'grunt-contrib-qunit', '0.5.2' ]
300 verbose addNamed [ '0.5.2', '0.5.2' ]
301 silly lockFile e8f78576-grunt-contrib-qunit-0-5-2 grunt-contrib-qunit@0.5.2
302 verbose lock grunt-contrib-qunit@0.5.2 /Users/honux/.npm/e8f78576-grunt-contrib-qunit-0-5-2.lock
303 silly lockFile 7ea0da0f-it-grunt-contrib-qunit-0-5-2-tgz https://registry.npmjs.org/grunt-contrib-qunit/-/grunt-contrib-qunit-0.5.2.tgz
304 verbose lock https://registry.npmjs.org/grunt-contrib-qunit/-/grunt-contrib-qunit-0.5.2.tgz /Users/honux/.npm/7ea0da0f-it-grunt-contrib-qunit-0-5-2-tgz.lock
305 verbose addRemoteTarball [ 'https://registry.npmjs.org/grunt-contrib-qunit/-/grunt-contrib-qunit-0.5.2.tgz',
305 verbose addRemoteTarball   '34375497e911c10458494c0645e2cdd99a0bc05a' ]
306 info retry fetch attempt 1 at 14:17:51
307 verbose fetch to= /var/folders/sm/1ty1lshd72s_b93zvtd0qdx40000gn/T/npm-2825-6Lk60oyf/registry.npmjs.org/grunt-contrib-qunit/-/grunt-contrib-qunit-0.5.2.tgz
308 http GET https://registry.npmjs.org/grunt-contrib-qunit/-/grunt-contrib-qunit-0.5.2.tgz
309 silly lockFile dc5b8fe7-g-socket-io-socket-io-0-9-17-tgz https://registry.npmjs.org/socket.io/-/socket.io-0.9.17.tgz
310 silly lockFile dc5b8fe7-g-socket-io-socket-io-0-9-17-tgz https://registry.npmjs.org/socket.io/-/socket.io-0.9.17.tgz
311 silly lockFile 1593240a-socket-io-0-9-17 socket.io@0.9.17
312 silly lockFile 1593240a-socket-io-0-9-17 socket.io@0.9.17
313 silly lockFile 673bedd6-socket-io-0-9-16 socket.io@~0.9.16
314 silly lockFile 673bedd6-socket-io-0-9-16 socket.io@~0.9.16
315 http 200 https://registry.npmjs.org/mustache
316 silly registry.get cb [ 200,
316 silly registry.get   { date: 'Sun, 08 Mar 2015 05:17:51 GMT',
316 silly registry.get     server: 'CouchDB/1.5.0 (Erlang OTP/R16B03)',
316 silly registry.get     etag: '"1OTE1JVXPM70AJPG6PRHR7G46"',
316 silly registry.get     'content-type': 'application/json',
316 silly registry.get     'cache-control': 'max-age=60',
316 silly registry.get     'content-length': '31611',
316 silly registry.get     'accept-ranges': 'bytes',
316 silly registry.get     via: '1.1 varnish',
316 silly registry.get     age: '0',
316 silly registry.get     'x-served-by': 'cache-hkg6823-HKG',
316 silly registry.get     'x-cache': 'HIT',
316 silly registry.get     'x-cache-hits': '1',
316 silly registry.get     'x-timer': 'S1425791870.740336,VS0,VE1022',
316 silly registry.get     vary: 'Accept',
316 silly registry.get     'keep-alive': 'timeout=10, max=50',
316 silly registry.get     connection: 'Keep-Alive' } ]
317 silly addNameRange number 2 { name: 'mustache', range: '>=0.7.2-0 <0.8.0-0', hasData: true }
318 silly addNameRange versions [ 'mustache',
318 silly addNameRange   [ '0.3.1-dev',
318 silly addNameRange     '0.4.0',
318 silly addNameRange     '0.5.1-dev',
318 silly addNameRange     '0.5.2',
318 silly addNameRange     '0.6.0',
318 silly addNameRange     '0.7.0',
318 silly addNameRange     '0.7.1',
318 silly addNameRange     '0.7.2',
318 silly addNameRange     '0.7.3',
318 silly addNameRange     '0.8.0',
318 silly addNameRange     '0.8.1',
318 silly addNameRange     '0.8.2',
318 silly addNameRange     '1.0.0',
318 silly addNameRange     '1.1.0' ] ]
319 verbose addNamed [ 'mustache', '0.7.3' ]
320 verbose addNamed [ '0.7.3', '0.7.3' ]
321 silly lockFile 8c1b5ee0-mustache-0-7-3 mustache@0.7.3
322 verbose lock mustache@0.7.3 /Users/honux/.npm/8c1b5ee0-mustache-0-7-3.lock
323 silly lockFile 16f89679--org-mustache-mustache-0-7-3-tgz https://registry.npmjs.org/mustache/-/mustache-0.7.3.tgz
324 verbose lock https://registry.npmjs.org/mustache/-/mustache-0.7.3.tgz /Users/honux/.npm/16f89679--org-mustache-mustache-0-7-3-tgz.lock
325 verbose addRemoteTarball [ 'https://registry.npmjs.org/mustache/-/mustache-0.7.3.tgz',
325 verbose addRemoteTarball   '248d68d0b1050397848fa634c2446c18f30490e9' ]
326 info retry fetch attempt 1 at 14:17:51
327 verbose fetch to= /var/folders/sm/1ty1lshd72s_b93zvtd0qdx40000gn/T/npm-2825-6Lk60oyf/registry.npmjs.org/mustache/-/mustache-0.7.3.tgz
328 http GET https://registry.npmjs.org/mustache/-/mustache-0.7.3.tgz
329 http 200 https://registry.npmjs.org/grunt-contrib-jshint
330 silly registry.get cb [ 200,
330 silly registry.get   { date: 'Sun, 08 Mar 2015 05:17:51 GMT',
330 silly registry.get     server: 'CouchDB/1.5.0 (Erlang OTP/R16B03)',
330 silly registry.get     etag: '"9WKT6JI425NFRAA423U4QL4YC"',
330 silly registry.get     'content-type': 'application/json',
330 silly registry.get     'cache-control': 'max-age=60',
330 silly registry.get     'content-length': '55166',
330 silly registry.get     'accept-ranges': 'bytes',
330 silly registry.get     via: '1.1 varnish',
330 silly registry.get     age: '0',
330 silly registry.get     'x-served-by': 'cache-hkg6823-HKG',
330 silly registry.get     'x-cache': 'HIT',
330 silly registry.get     'x-cache-hits': '1',
330 silly registry.get     'x-timer': 'S1425791870.740786,VS0,VE999',
330 silly registry.get     vary: 'Accept',
330 silly registry.get     'keep-alive': 'timeout=10, max=50',
330 silly registry.get     connection: 'Keep-Alive' } ]
331 silly addNameRange number 2 { name: 'grunt-contrib-jshint',
331 silly addNameRange   range: '>=0.6.4-0 <0.7.0-0',
331 silly addNameRange   hasData: true }
332 silly addNameRange versions [ 'grunt-contrib-jshint',
332 silly addNameRange   [ '0.1.0',
332 silly addNameRange     '0.1.1',
332 silly addNameRange     '0.2.0',
332 silly addNameRange     '0.3.0',
332 silly addNameRange     '0.4.0',
332 silly addNameRange     '0.4.1',
332 silly addNameRange     '0.4.2',
332 silly addNameRange     '0.4.3',
332 silly addNameRange     '0.5.0',
332 silly addNameRange     '0.5.1',
332 silly addNameRange     '0.5.2',
332 silly addNameRange     '0.5.3',
332 silly addNameRange     '0.5.4',
332 silly addNameRange     '0.6.0',
332 silly addNameRange     '0.6.1',
332 silly addNameRange     '0.6.2',
332 silly addNameRange     '0.6.3',
332 silly addNameRange     '0.6.4',
332 silly addNameRange     '0.6.5',
332 silly addNameRange     '0.7.0',
332 silly addNameRange     '0.7.1',
332 silly addNameRange     '0.7.2',
332 silly addNameRange     '0.8.0',
332 silly addNameRange     '0.9.0',
332 silly addNameRange     '0.9.1',
332 silly addNameRange     '0.9.2',
332 silly addNameRange     '0.10.0',
332 silly addNameRange     '0.11.0',
332 silly addNameRange     '0.1.1-rc5',
332 silly addNameRange     '0.1.1-rc6' ] ]
333 verbose addNamed [ 'grunt-contrib-jshint', '0.6.5' ]
334 verbose addNamed [ '0.6.5', '0.6.5' ]
335 silly lockFile d0b3f61f-grunt-contrib-jshint-0-6-5 grunt-contrib-jshint@0.6.5
336 verbose lock grunt-contrib-jshint@0.6.5 /Users/honux/.npm/d0b3f61f-grunt-contrib-jshint-0-6-5.lock
337 silly lockFile cafed715-t-grunt-contrib-jshint-0-6-5-tgz https://registry.npmjs.org/grunt-contrib-jshint/-/grunt-contrib-jshint-0.6.5.tgz
338 verbose lock https://registry.npmjs.org/grunt-contrib-jshint/-/grunt-contrib-jshint-0.6.5.tgz /Users/honux/.npm/cafed715-t-grunt-contrib-jshint-0-6-5-tgz.lock
339 verbose addRemoteTarball [ 'https://registry.npmjs.org/grunt-contrib-jshint/-/grunt-contrib-jshint-0.6.5.tgz',
339 verbose addRemoteTarball   '3afb4676745364cc4a19eee7934c0e06008b566e' ]
340 info retry fetch attempt 1 at 14:17:51
341 verbose fetch to= /var/folders/sm/1ty1lshd72s_b93zvtd0qdx40000gn/T/npm-2825-6Lk60oyf/registry.npmjs.org/grunt-contrib-jshint/-/grunt-contrib-jshint-0.6.5.tgz
342 http GET https://registry.npmjs.org/grunt-contrib-jshint/-/grunt-contrib-jshint-0.6.5.tgz
343 http 200 https://registry.npmjs.org/mustache/-/mustache-0.7.3.tgz
344 http 200 https://registry.npmjs.org/grunt-contrib-uglify
345 silly registry.get cb [ 200,
345 silly registry.get   { date: 'Sun, 08 Mar 2015 05:17:52 GMT',
345 silly registry.get     server: 'CouchDB/1.6.1 (Erlang OTP/R14B04)',
345 silly registry.get     etag: '"4AXJWYIFNYOM70M4E6N7BGC"',
345 silly registry.get     'content-type': 'application/json',
345 silly registry.get     'cache-control': 'max-age=60',
345 silly registry.get     'content-length': '58552',
345 silly registry.get     'accept-ranges': 'bytes',
345 silly registry.get     via: '1.1 varnish',
345 silly registry.get     age: '0',
345 silly registry.get     'x-served-by': 'cache-hkg6823-HKG',
345 silly registry.get     'x-cache': 'HIT',
345 silly registry.get     'x-cache-hits': '1',
345 silly registry.get     'x-timer': 'S1425791871.105947,VS0,VE953',
345 silly registry.get     vary: 'Accept',
345 silly registry.get     'keep-alive': 'timeout=10, max=49',
345 silly registry.get     connection: 'Keep-Alive' } ]
346 http 200 https://registry.npmjs.org/grunt-contrib-jshint/-/grunt-contrib-jshint-0.6.5.tgz
347 silly addNameRange number 2 { name: 'grunt-contrib-uglify',
347 silly addNameRange   range: '>=0.2.4-0 <0.3.0-0',
347 silly addNameRange   hasData: true }
348 silly addNameRange versions [ 'grunt-contrib-uglify',
348 silly addNameRange   [ '0.1.0',
348 silly addNameRange     '0.1.1',
348 silly addNameRange     '0.1.2',
348 silly addNameRange     '0.2.0',
348 silly addNameRange     '0.2.1',
348 silly addNameRange     '0.2.2',
348 silly addNameRange     '0.2.3',
348 silly addNameRange     '0.2.4',
348 silly addNameRange     '0.2.5',
348 silly addNameRange     '0.2.6',
348 silly addNameRange     '0.2.7',
348 silly addNameRange     '0.3.0',
348 silly addNameRange     '0.3.1',
348 silly addNameRange     '0.1.1-rc5',
348 silly addNameRange     '0.1.1-rc6',
348 silly addNameRange     '0.3.2',
348 silly addNameRange     '0.3.3',
348 silly addNameRange     '0.4.0',
348 silly addNameRange     '0.5.0',
348 silly addNameRange     '0.4.1',
348 silly addNameRange     '0.5.1',
348 silly addNameRange     '0.6.0',
348 silly addNameRange     '0.7.0',
348 silly addNameRange     '0.8.0' ] ]
349 verbose addNamed [ 'grunt-contrib-uglify', '0.2.7' ]
350 verbose addNamed [ '0.2.7', '0.2.7' ]
351 silly lockFile 480328f6-grunt-contrib-uglify-0-2-7 grunt-contrib-uglify@0.2.7
352 verbose lock grunt-contrib-uglify@0.2.7 /Users/honux/.npm/480328f6-grunt-contrib-uglify-0-2-7.lock
353 silly lockFile 90f282d3-y-grunt-contrib-uglify-0-2-7-tgz https://registry.npmjs.org/grunt-contrib-uglify/-/grunt-contrib-uglify-0.2.7.tgz
354 verbose lock https://registry.npmjs.org/grunt-contrib-uglify/-/grunt-contrib-uglify-0.2.7.tgz /Users/honux/.npm/90f282d3-y-grunt-contrib-uglify-0-2-7-tgz.lock
355 verbose addRemoteTarball [ 'https://registry.npmjs.org/grunt-contrib-uglify/-/grunt-contrib-uglify-0.2.7.tgz',
355 verbose addRemoteTarball   'e6bda51e0c40a1459f6cead423c65efd725a1bf7' ]
356 info retry fetch attempt 1 at 14:17:52
357 verbose fetch to= /var/folders/sm/1ty1lshd72s_b93zvtd0qdx40000gn/T/npm-2825-6Lk60oyf/registry.npmjs.org/grunt-contrib-uglify/-/grunt-contrib-uglify-0.2.7.tgz
358 http GET https://registry.npmjs.org/grunt-contrib-uglify/-/grunt-contrib-uglify-0.2.7.tgz
359 silly lockFile cafed715-t-grunt-contrib-jshint-0-6-5-tgz https://registry.npmjs.org/grunt-contrib-jshint/-/grunt-contrib-jshint-0.6.5.tgz
360 silly lockFile cafed715-t-grunt-contrib-jshint-0-6-5-tgz https://registry.npmjs.org/grunt-contrib-jshint/-/grunt-contrib-jshint-0.6.5.tgz
361 silly lockFile d0b3f61f-grunt-contrib-jshint-0-6-5 grunt-contrib-jshint@0.6.5
362 silly lockFile d0b3f61f-grunt-contrib-jshint-0-6-5 grunt-contrib-jshint@0.6.5
363 silly lockFile cd9f4e50-grunt-contrib-jshint-0-6-4 grunt-contrib-jshint@~0.6.4
364 silly lockFile cd9f4e50-grunt-contrib-jshint-0-6-4 grunt-contrib-jshint@~0.6.4
365 http 200 https://registry.npmjs.org/grunt-sass
366 silly registry.get cb [ 200,
366 silly registry.get   { date: 'Sun, 08 Mar 2015 05:17:52 GMT',
366 silly registry.get     server: 'CouchDB/1.5.0 (Erlang OTP/R16B03)',
366 silly registry.get     etag: '"CHXFB195RNL7T5K5HBHQ9MB7H"',
366 silly registry.get     'content-type': 'application/json',
366 silly registry.get     'cache-control': 'max-age=60',
366 silly registry.get     'content-length': '40545',
366 silly registry.get     'accept-ranges': 'bytes',
366 silly registry.get     via: '1.1 varnish',
366 silly registry.get     age: '0',
366 silly registry.get     'x-served-by': 'cache-hkg6823-HKG',
366 silly registry.get     'x-cache': 'MISS',
366 silly registry.get     'x-cache-hits': '0',
366 silly registry.get     'x-timer': 'S1425791871.888302,VS0,VE254',
366 silly registry.get     vary: 'Accept',
366 silly registry.get     'keep-alive': 'timeout=10, max=49',
366 silly registry.get     connection: 'Keep-Alive' } ]
367 silly addNameRange number 2 { name: 'grunt-sass',
367 silly addNameRange   range: '>=0.14.0-0 <0.15.0-0',
367 silly addNameRange   hasData: true }
368 silly addNameRange versions [ 'grunt-sass',
368 silly addNameRange   [ '0.1.0',
368 silly addNameRange     '0.2.1',
368 silly addNameRange     '0.2.2',
368 silly addNameRange     '0.2.3',
368 silly addNameRange     '0.2.4',
368 silly addNameRange     '0.2.5',
368 silly addNameRange     '0.3.0',
368 silly addNameRange     '0.4.0',
368 silly addNameRange     '0.4.1',
368 silly addNameRange     '0.5.0',
368 silly addNameRange     '0.6.0',
368 silly addNameRange     '0.6.1',
368 silly addNameRange     '0.7.0',
368 silly addNameRange     '0.8.0',
368 silly addNameRange     '0.8.1',
368 silly addNameRange     '0.9.0',
368 silly addNameRange     '0.10.0',
368 silly addNameRange     '0.11.0',
368 silly addNameRange     '0.12.0',
368 silly addNameRange     '0.12.1',
368 silly addNameRange     '0.13.0',
368 silly addNameRange     '0.13.1',
368 silly addNameRange     '0.14.0',
368 silly addNameRange     '0.14.1',
368 silly addNameRange     '0.14.2',
368 silly addNameRange     '0.15.0',
368 silly addNameRange     '0.16.0',
368 silly addNameRange     '0.16.1',
368 silly addNameRange     '0.17.0',
368 silly addNameRange     '0.18.0',
368 silly addNameRange     '0.18.1' ] ]
369 verbose addNamed [ 'grunt-sass', '0.14.2' ]
370 verbose addNamed [ '0.14.2', '0.14.2' ]
371 silly lockFile a4aab1df-grunt-sass-0-14-2 grunt-sass@0.14.2
372 verbose lock grunt-sass@0.14.2 /Users/honux/.npm/a4aab1df-grunt-sass-0-14-2.lock
373 silly lockFile 5c057afe-grunt-sass-grunt-sass-0-14-2-tgz https://registry.npmjs.org/grunt-sass/-/grunt-sass-0.14.2.tgz
374 verbose lock https://registry.npmjs.org/grunt-sass/-/grunt-sass-0.14.2.tgz /Users/honux/.npm/5c057afe-grunt-sass-grunt-sass-0-14-2-tgz.lock
375 verbose addRemoteTarball [ 'https://registry.npmjs.org/grunt-sass/-/grunt-sass-0.14.2.tgz',
375 verbose addRemoteTarball   '45d4d37959afad37d465318f01719be01992b1f8' ]
376 info retry fetch attempt 1 at 14:17:52
377 verbose fetch to= /var/folders/sm/1ty1lshd72s_b93zvtd0qdx40000gn/T/npm-2825-6Lk60oyf/registry.npmjs.org/grunt-sass/-/grunt-sass-0.14.2.tgz
378 http GET https://registry.npmjs.org/grunt-sass/-/grunt-sass-0.14.2.tgz
379 silly lockFile 16f89679--org-mustache-mustache-0-7-3-tgz https://registry.npmjs.org/mustache/-/mustache-0.7.3.tgz
380 silly lockFile 16f89679--org-mustache-mustache-0-7-3-tgz https://registry.npmjs.org/mustache/-/mustache-0.7.3.tgz
381 silly lockFile 8c1b5ee0-mustache-0-7-3 mustache@0.7.3
382 silly lockFile 8c1b5ee0-mustache-0-7-3 mustache@0.7.3
383 silly lockFile 171b84f8-mustache-0-7-2 mustache@~0.7.2
384 silly lockFile 171b84f8-mustache-0-7-2 mustache@~0.7.2
385 http 200 https://registry.npmjs.org/grunt-contrib-connect
386 silly registry.get cb [ 200,
386 silly registry.get   { date: 'Sun, 08 Mar 2015 05:17:52 GMT',
386 silly registry.get     server: 'CouchDB/1.5.0 (Erlang OTP/R16B03)',
386 silly registry.get     etag: '"1ON8MVVV11PZ56D89QPQY89ZS"',
386 silly registry.get     'content-type': 'application/json',
386 silly registry.get     'cache-control': 'max-age=60',
386 silly registry.get     'content-length': '42200',
386 silly registry.get     'accept-ranges': 'bytes',
386 silly registry.get     via: '1.1 varnish',
386 silly registry.get     age: '0',
386 silly registry.get     'x-served-by': 'cache-hkg6823-HKG',
386 silly registry.get     'x-cache': 'HIT',
386 silly registry.get     'x-cache-hits': '1',
386 silly registry.get     'x-timer': 'S1425791871.925113,VS0,VE235',
386 silly registry.get     vary: 'Accept',
386 silly registry.get     'keep-alive': 'timeout=10, max=49',
386 silly registry.get     connection: 'Keep-Alive' } ]
387 silly addNameRange number 2 { name: 'grunt-contrib-connect',
387 silly addNameRange   range: '>=0.8.0-0 <0.9.0-0',
387 silly addNameRange   hasData: true }
388 silly addNameRange versions [ 'grunt-contrib-connect',
388 silly addNameRange   [ '0.1.0',
388 silly addNameRange     '0.1.1',
388 silly addNameRange     '0.1.2',
388 silly addNameRange     '0.2.0',
388 silly addNameRange     '0.3.0',
388 silly addNameRange     '0.4.0',
388 silly addNameRange     '0.4.1',
388 silly addNameRange     '0.4.2',
388 silly addNameRange     '0.5.0',
388 silly addNameRange     '0.6.0',
388 silly addNameRange     '0.7.0',
388 silly addNameRange     '0.7.1',
388 silly addNameRange     '0.8.0',
388 silly addNameRange     '0.9.0',
388 silly addNameRange     '0.1.1-rc6' ] ]
389 verbose addNamed [ 'grunt-contrib-connect', '0.8.0' ]
390 verbose addNamed [ '0.8.0', '0.8.0' ]
391 silly lockFile 526ed901-grunt-contrib-connect-0-8-0 grunt-contrib-connect@0.8.0
392 verbose lock grunt-contrib-connect@0.8.0 /Users/honux/.npm/526ed901-grunt-contrib-connect-0-8-0.lock
393 silly lockFile d5562265--grunt-contrib-connect-0-8-0-tgz https://registry.npmjs.org/grunt-contrib-connect/-/grunt-contrib-connect-0.8.0.tgz
394 verbose lock https://registry.npmjs.org/grunt-contrib-connect/-/grunt-contrib-connect-0.8.0.tgz /Users/honux/.npm/d5562265--grunt-contrib-connect-0-8-0-tgz.lock
395 verbose addRemoteTarball [ 'https://registry.npmjs.org/grunt-contrib-connect/-/grunt-contrib-connect-0.8.0.tgz',
395 verbose addRemoteTarball   '1f70043e3a473ae8fb7a8acbf929ce104eaf4323' ]
396 info retry fetch attempt 1 at 14:17:52
397 verbose fetch to= /var/folders/sm/1ty1lshd72s_b93zvtd0qdx40000gn/T/npm-2825-6Lk60oyf/registry.npmjs.org/grunt-contrib-connect/-/grunt-contrib-connect-0.8.0.tgz
398 http GET https://registry.npmjs.org/grunt-contrib-connect/-/grunt-contrib-connect-0.8.0.tgz
399 http 200 https://registry.npmjs.org/grunt-contrib-qunit/-/grunt-contrib-qunit-0.5.2.tgz
400 http 200 https://registry.npmjs.org/grunt-contrib-uglify/-/grunt-contrib-uglify-0.2.7.tgz
401 silly lockFile 7ea0da0f-it-grunt-contrib-qunit-0-5-2-tgz https://registry.npmjs.org/grunt-contrib-qunit/-/grunt-contrib-qunit-0.5.2.tgz
402 silly lockFile 7ea0da0f-it-grunt-contrib-qunit-0-5-2-tgz https://registry.npmjs.org/grunt-contrib-qunit/-/grunt-contrib-qunit-0.5.2.tgz
403 silly lockFile e8f78576-grunt-contrib-qunit-0-5-2 grunt-contrib-qunit@0.5.2
404 silly lockFile e8f78576-grunt-contrib-qunit-0-5-2 grunt-contrib-qunit@0.5.2
405 silly lockFile a537bb75-grunt-contrib-qunit-0-5-2 grunt-contrib-qunit@~0.5.2
406 silly lockFile a537bb75-grunt-contrib-qunit-0-5-2 grunt-contrib-qunit@~0.5.2
407 http 200 https://registry.npmjs.org/grunt-contrib-cssmin
408 silly registry.get cb [ 200,
408 silly registry.get   { date: 'Sun, 08 Mar 2015 05:17:52 GMT',
408 silly registry.get     server: 'CouchDB/1.5.0 (Erlang OTP/R16B03)',
408 silly registry.get     etag: '"F1TI2T4WPGMO57UB6FJ5TDLKY"',
408 silly registry.get     'content-type': 'application/json',
408 silly registry.get     'cache-control': 'max-age=60',
408 silly registry.get     'content-length': '33332',
408 silly registry.get     'accept-ranges': 'bytes',
408 silly registry.get     via: '1.1 varnish',
408 silly registry.get     age: '0',
408 silly registry.get     'x-served-by': 'cache-hkg6822-HKG',
408 silly registry.get     'x-cache': 'HIT',
408 silly registry.get     'x-cache-hits': '1',
408 silly registry.get     'x-timer': 'S1425791871.755637,VS0,VE614',
408 silly registry.get     vary: 'Accept',
408 silly registry.get     'keep-alive': 'timeout=10, max=50',
408 silly registry.get     connection: 'Keep-Alive' } ]
409 silly addNameRange number 2 { name: 'grunt-contrib-cssmin',
409 silly addNameRange   range: '>=0.4.1-0 <0.5.0-0',
409 silly addNameRange   hasData: true }
410 silly addNameRange versions [ 'grunt-contrib-cssmin',
410 silly addNameRange   [ '0.4.0',
410 silly addNameRange     '0.4.1',
410 silly addNameRange     '0.4.2',
410 silly addNameRange     '0.5.0',
410 silly addNameRange     '0.6.0',
410 silly addNameRange     '0.6.1',
410 silly addNameRange     '0.6.2',
410 silly addNameRange     '0.7.0',
410 silly addNameRange     '0.8.0',
410 silly addNameRange     '0.9.0',
410 silly addNameRange     '0.10.0',
410 silly addNameRange     '0.11.0',
410 silly addNameRange     '0.12.0',
410 silly addNameRange     '0.12.1',
410 silly addNameRange     '0.12.2' ] ]
411 verbose addNamed [ 'grunt-contrib-cssmin', '0.4.2' ]
412 verbose addNamed [ '0.4.2', '0.4.2' ]
413 silly lockFile 68f607db-grunt-contrib-cssmin-0-4-2 grunt-contrib-cssmin@0.4.2
414 verbose lock grunt-contrib-cssmin@0.4.2 /Users/honux/.npm/68f607db-grunt-contrib-cssmin-0-4-2.lock
415 silly lockFile dcabad90-n-grunt-contrib-cssmin-0-4-2-tgz https://registry.npmjs.org/grunt-contrib-cssmin/-/grunt-contrib-cssmin-0.4.2.tgz
416 verbose lock https://registry.npmjs.org/grunt-contrib-cssmin/-/grunt-contrib-cssmin-0.4.2.tgz /Users/honux/.npm/dcabad90-n-grunt-contrib-cssmin-0-4-2-tgz.lock
417 verbose addRemoteTarball [ 'https://registry.npmjs.org/grunt-contrib-cssmin/-/grunt-contrib-cssmin-0.4.2.tgz',
417 verbose addRemoteTarball   '9df57c5958328a22f847fb01ccc4f4705a695c5c' ]
418 info retry fetch attempt 1 at 14:17:52
419 verbose fetch to= /var/folders/sm/1ty1lshd72s_b93zvtd0qdx40000gn/T/npm-2825-6Lk60oyf/registry.npmjs.org/grunt-contrib-cssmin/-/grunt-contrib-cssmin-0.4.2.tgz
420 http GET https://registry.npmjs.org/grunt-contrib-cssmin/-/grunt-contrib-cssmin-0.4.2.tgz
421 silly lockFile 90f282d3-y-grunt-contrib-uglify-0-2-7-tgz https://registry.npmjs.org/grunt-contrib-uglify/-/grunt-contrib-uglify-0.2.7.tgz
422 silly lockFile 90f282d3-y-grunt-contrib-uglify-0-2-7-tgz https://registry.npmjs.org/grunt-contrib-uglify/-/grunt-contrib-uglify-0.2.7.tgz
423 silly lockFile 480328f6-grunt-contrib-uglify-0-2-7 grunt-contrib-uglify@0.2.7
424 silly lockFile 480328f6-grunt-contrib-uglify-0-2-7 grunt-contrib-uglify@0.2.7
425 silly lockFile dcf05dfd-grunt-contrib-uglify-0-2-4 grunt-contrib-uglify@~0.2.4
426 silly lockFile dcf05dfd-grunt-contrib-uglify-0-2-4 grunt-contrib-uglify@~0.2.4
427 http 200 https://registry.npmjs.org/grunt-sass/-/grunt-sass-0.14.2.tgz
428 silly lockFile 5c057afe-grunt-sass-grunt-sass-0-14-2-tgz https://registry.npmjs.org/grunt-sass/-/grunt-sass-0.14.2.tgz
429 silly lockFile 5c057afe-grunt-sass-grunt-sass-0-14-2-tgz https://registry.npmjs.org/grunt-sass/-/grunt-sass-0.14.2.tgz
430 silly lockFile a4aab1df-grunt-sass-0-14-2 grunt-sass@0.14.2
431 silly lockFile a4aab1df-grunt-sass-0-14-2 grunt-sass@0.14.2
432 silly lockFile 26d2282a-grunt-sass-0-14-0 grunt-sass@~0.14.0
433 silly lockFile 26d2282a-grunt-sass-0-14-0 grunt-sass@~0.14.0
434 http 200 https://registry.npmjs.org/grunt-contrib-connect/-/grunt-contrib-connect-0.8.0.tgz
435 silly lockFile d5562265--grunt-contrib-connect-0-8-0-tgz https://registry.npmjs.org/grunt-contrib-connect/-/grunt-contrib-connect-0.8.0.tgz
436 silly lockFile d5562265--grunt-contrib-connect-0-8-0-tgz https://registry.npmjs.org/grunt-contrib-connect/-/grunt-contrib-connect-0.8.0.tgz
437 silly lockFile 526ed901-grunt-contrib-connect-0-8-0 grunt-contrib-connect@0.8.0
438 silly lockFile 526ed901-grunt-contrib-connect-0-8-0 grunt-contrib-connect@0.8.0
439 silly lockFile ebb9bf51-grunt-contrib-connect-0-8-0 grunt-contrib-connect@~0.8.0
440 silly lockFile ebb9bf51-grunt-contrib-connect-0-8-0 grunt-contrib-connect@~0.8.0
441 http 200 https://registry.npmjs.org/grunt-zip
442 silly registry.get cb [ 200,
442 silly registry.get   { date: 'Sun, 08 Mar 2015 05:17:52 GMT',
442 silly registry.get     server: 'CouchDB/1.5.0 (Erlang OTP/R16B03)',
442 silly registry.get     etag: '"4YVOR6APDCFODE0Y9SLL0YQWJ"',
442 silly registry.get     'content-type': 'application/json',
442 silly registry.get     'cache-control': 'max-age=60',
442 silly registry.get     'content-length': '40628',
442 silly registry.get     'accept-ranges': 'bytes',
442 silly registry.get     via: '1.1 varnish',
442 silly registry.get     age: '0',
442 silly registry.get     'x-served-by': 'cache-hkg6823-HKG',
442 silly registry.get     'x-cache': 'MISS',
442 silly registry.get     'x-cache-hits': '0',
442 silly registry.get     'x-timer': 'S1425791872.267209,VS0,VE165',
442 silly registry.get     vary: 'Accept',
442 silly registry.get     'keep-alive': 'timeout=10, max=48',
442 silly registry.get     connection: 'Keep-Alive' } ]
443 silly addNameRange number 2 { name: 'grunt-zip', range: '>=0.7.0-0 <0.8.0-0', hasData: true }
444 silly addNameRange versions [ 'grunt-zip',
444 silly addNameRange   [ '0.1.0',
444 silly addNameRange     '0.2.0',
444 silly addNameRange     '0.3.0',
444 silly addNameRange     '0.4.0',
444 silly addNameRange     '0.4.1',
444 silly addNameRange     '0.4.2',
444 silly addNameRange     '0.5.0',
444 silly addNameRange     '0.5.1',
444 silly addNameRange     '0.6.0',
444 silly addNameRange     '0.7.0',
444 silly addNameRange     '0.8.0',
444 silly addNameRange     '0.9.0',
444 silly addNameRange     '0.9.1',
444 silly addNameRange     '0.9.2',
444 silly addNameRange     '0.10.0',
444 silly addNameRange     '0.11.0',
444 silly addNameRange     '0.12.0',
444 silly addNameRange     '0.10.2',
444 silly addNameRange     '0.13.0',
444 silly addNameRange     '0.14.0',
444 silly addNameRange     '0.15.0',
444 silly addNameRange     '0.16.0',
444 silly addNameRange     '0.16.1',
444 silly addNameRange     '0.16.2' ] ]
445 verbose addNamed [ 'grunt-zip', '0.7.0' ]
446 verbose addNamed [ '0.7.0', '0.7.0' ]
447 silly lockFile 27ba1571-grunt-zip-0-7-0 grunt-zip@0.7.0
448 verbose lock grunt-zip@0.7.0 /Users/honux/.npm/27ba1571-grunt-zip-0-7-0.lock
449 silly lockFile f62f47cb-rg-grunt-zip-grunt-zip-0-7-0-tgz https://registry.npmjs.org/grunt-zip/-/grunt-zip-0.7.0.tgz
450 verbose lock https://registry.npmjs.org/grunt-zip/-/grunt-zip-0.7.0.tgz /Users/honux/.npm/f62f47cb-rg-grunt-zip-grunt-zip-0-7-0-tgz.lock
451 verbose addRemoteTarball [ 'https://registry.npmjs.org/grunt-zip/-/grunt-zip-0.7.0.tgz',
451 verbose addRemoteTarball   'fa6ffda14ab9a08823523150478bc0ef63da99f6' ]
452 info retry fetch attempt 1 at 14:17:52
453 verbose fetch to= /var/folders/sm/1ty1lshd72s_b93zvtd0qdx40000gn/T/npm-2825-6Lk60oyf/registry.npmjs.org/grunt-zip/-/grunt-zip-0.7.0.tgz
454 http GET https://registry.npmjs.org/grunt-zip/-/grunt-zip-0.7.0.tgz
455 http 200 https://registry.npmjs.org/grunt-contrib-cssmin/-/grunt-contrib-cssmin-0.4.2.tgz
456 silly lockFile dcabad90-n-grunt-contrib-cssmin-0-4-2-tgz https://registry.npmjs.org/grunt-contrib-cssmin/-/grunt-contrib-cssmin-0.4.2.tgz
457 silly lockFile dcabad90-n-grunt-contrib-cssmin-0-4-2-tgz https://registry.npmjs.org/grunt-contrib-cssmin/-/grunt-contrib-cssmin-0.4.2.tgz
458 silly lockFile 68f607db-grunt-contrib-cssmin-0-4-2 grunt-contrib-cssmin@0.4.2
459 silly lockFile 68f607db-grunt-contrib-cssmin-0-4-2 grunt-contrib-cssmin@0.4.2
460 silly lockFile dc4c5971-grunt-contrib-cssmin-0-4-1 grunt-contrib-cssmin@~0.4.1
461 silly lockFile dc4c5971-grunt-contrib-cssmin-0-4-1 grunt-contrib-cssmin@~0.4.1
462 http 200 https://registry.npmjs.org/grunt-contrib-watch
463 silly registry.get cb [ 200,
463 silly registry.get   { date: 'Sun, 08 Mar 2015 05:17:52 GMT',
463 silly registry.get     server: 'CouchDB/1.5.0 (Erlang OTP/R16B03)',
463 silly registry.get     etag: '"9K85L9SFCBH4UZZATM1OH6WQG"',
463 silly registry.get     'content-type': 'application/json',
463 silly registry.get     'cache-control': 'max-age=60',
463 silly registry.get     'content-length': '60201',
463 silly registry.get     'accept-ranges': 'bytes',
463 silly registry.get     via: '1.1 varnish',
463 silly registry.get     age: '0',
463 silly registry.get     'x-served-by': 'cache-hkg6825-HKG',
463 silly registry.get     'x-cache': 'HIT',
463 silly registry.get     'x-cache-hits': '1',
463 silly registry.get     'x-timer': 'S1425791871.536314,VS0,VE987',
463 silly registry.get     vary: 'Accept',
463 silly registry.get     'keep-alive': 'timeout=10, max=49',
463 silly registry.get     connection: 'Keep-Alive' } ]
464 silly addNameRange number 2 { name: 'grunt-contrib-watch',
464 silly addNameRange   range: '>=0.5.3-0 <0.6.0-0',
464 silly addNameRange   hasData: true }
465 silly addNameRange versions [ 'grunt-contrib-watch',
465 silly addNameRange   [ '0.1.0',
465 silly addNameRange     '0.1.1',
465 silly addNameRange     '0.1.2',
465 silly addNameRange     '0.1.3',
465 silly addNameRange     '0.1.4',
465 silly addNameRange     '0.2.0',
465 silly addNameRange     '0.3.0',
465 silly addNameRange     '0.3.1',
465 silly addNameRange     '0.4.0',
465 silly addNameRange     '0.4.1',
465 silly addNameRange     '0.4.2',
465 silly addNameRange     '0.4.3',
465 silly addNameRange     '0.4.4',
465 silly addNameRange     '0.5.0',
465 silly addNameRange     '0.5.1',
465 silly addNameRange     '0.5.2',
465 silly addNameRange     '0.5.3',
465 silly addNameRange     '0.6.0',
465 silly addNameRange     '0.6.1',
465 silly addNameRange     '0.2.0-a',
465 silly addNameRange     '0.2.0-rc5',
465 silly addNameRange     '0.2.0-rc7' ] ]
466 verbose addNamed [ 'grunt-contrib-watch', '0.5.3' ]
467 verbose addNamed [ '0.5.3', '0.5.3' ]
468 silly lockFile d70d7cec-grunt-contrib-watch-0-5-3 grunt-contrib-watch@0.5.3
469 verbose lock grunt-contrib-watch@0.5.3 /Users/honux/.npm/d70d7cec-grunt-contrib-watch-0-5-3.lock
470 silly lockFile 5dca6013-ch-grunt-contrib-watch-0-5-3-tgz https://registry.npmjs.org/grunt-contrib-watch/-/grunt-contrib-watch-0.5.3.tgz
471 verbose lock https://registry.npmjs.org/grunt-contrib-watch/-/grunt-contrib-watch-0.5.3.tgz /Users/honux/.npm/5dca6013-ch-grunt-contrib-watch-0-5-3-tgz.lock
472 verbose addRemoteTarball [ 'https://registry.npmjs.org/grunt-contrib-watch/-/grunt-contrib-watch-0.5.3.tgz',
472 verbose addRemoteTarball   '7d9eb5465d506fa14faaca47e6e8790a82c1c9ee' ]
473 info retry fetch attempt 1 at 14:17:52
474 verbose fetch to= /var/folders/sm/1ty1lshd72s_b93zvtd0qdx40000gn/T/npm-2825-6Lk60oyf/registry.npmjs.org/grunt-contrib-watch/-/grunt-contrib-watch-0.5.3.tgz
475 http GET https://registry.npmjs.org/grunt-contrib-watch/-/grunt-contrib-watch-0.5.3.tgz
476 http 200 https://registry.npmjs.org/grunt-zip/-/grunt-zip-0.7.0.tgz
477 http 200 https://registry.npmjs.org/grunt-contrib-watch/-/grunt-contrib-watch-0.5.3.tgz
478 silly lockFile 5dca6013-ch-grunt-contrib-watch-0-5-3-tgz https://registry.npmjs.org/grunt-contrib-watch/-/grunt-contrib-watch-0.5.3.tgz
479 silly lockFile 5dca6013-ch-grunt-contrib-watch-0-5-3-tgz https://registry.npmjs.org/grunt-contrib-watch/-/grunt-contrib-watch-0.5.3.tgz
480 silly lockFile d70d7cec-grunt-contrib-watch-0-5-3 grunt-contrib-watch@0.5.3
481 silly lockFile d70d7cec-grunt-contrib-watch-0-5-3 grunt-contrib-watch@0.5.3
482 silly lockFile b469febc-grunt-contrib-watch-0-5-3 grunt-contrib-watch@~0.5.3
483 silly lockFile b469febc-grunt-contrib-watch-0-5-3 grunt-contrib-watch@~0.5.3
484 http 200 https://registry.npmjs.org/grunt-autoprefixer
485 silly registry.get cb [ 200,
485 silly registry.get   { date: 'Sun, 08 Mar 2015 05:17:53 GMT',
485 silly registry.get     server: 'CouchDB/1.5.0 (Erlang OTP/R16B03)',
485 silly registry.get     etag: '"1DEMBM0ET8N3X6H37FK8UB7QO"',
485 silly registry.get     'content-type': 'application/json',
485 silly registry.get     'cache-control': 'max-age=60',
485 silly registry.get     'content-length': '57779',
485 silly registry.get     'accept-ranges': 'bytes',
485 silly registry.get     via: '1.1 varnish',
485 silly registry.get     age: '0',
485 silly registry.get     'x-served-by': 'cache-hkg6823-HKG',
485 silly registry.get     'x-cache': 'MISS',
485 silly registry.get     'x-cache-hits': '0',
485 silly registry.get     'x-timer': 'S1425791872.183308,VS0,VE861',
485 silly registry.get     vary: 'Accept',
485 silly registry.get     'keep-alive': 'timeout=10, max=48',
485 silly registry.get     connection: 'Keep-Alive' } ]
486 silly addNameRange number 2 { name: 'grunt-autoprefixer',
486 silly addNameRange   range: '>=1.0.1-0 <1.1.0-0',
486 silly addNameRange   hasData: true }
487 silly addNameRange versions [ 'grunt-autoprefixer',
487 silly addNameRange   [ '0.1.0',
487 silly addNameRange     '0.1.20130424',
487 silly addNameRange     '0.1.20130516',
487 silly addNameRange     '0.1.20130615',
487 silly addNameRange     '0.2.0',
487 silly addNameRange     '0.2.20130718',
487 silly addNameRange     '0.2.20130806',
487 silly addNameRange     '0.3.0',
487 silly addNameRange     '0.3.1',
487 silly addNameRange     '0.4.0',
487 silly addNameRange     '0.4.1',
487 silly addNameRange     '0.4.2',
487 silly addNameRange     '0.5.0',
487 silly addNameRange     '0.6.0',
487 silly addNameRange     '0.6.1',
487 silly addNameRange     '0.6.2',
487 silly addNameRange     '0.6.3',
487 silly addNameRange     '0.6.4',
487 silly addNameRange     '0.6.5',
487 silly addNameRange     '0.7.0',
487 silly addNameRange     '0.7.1',
487 silly addNameRange     '0.7.2',
487 silly addNameRange     '0.7.3',
487 silly addNameRange     '0.7.4',
487 silly addNameRange     '0.7.5',
487 silly addNameRange     '0.7.6',
487 silly addNameRange     '0.8.0',
487 silly addNameRange     '0.8.1',
487 silly addNameRange     '0.8.2',
487 silly addNameRange     '1.0.0',
487 silly addNameRange     '1.0.1',
487 silly addNameRange     '2.0.0',
487 silly addNameRange     '2.1.0',
487 silly addNameRange     '2.2.0' ] ]
488 verbose addNamed [ 'grunt-autoprefixer', '1.0.1' ]
489 verbose addNamed [ '1.0.1', '1.0.1' ]
490 silly lockFile 8c447b4f-grunt-autoprefixer-1-0-1 grunt-autoprefixer@1.0.1
491 verbose lock grunt-autoprefixer@1.0.1 /Users/honux/.npm/8c447b4f-grunt-autoprefixer-1-0-1.lock
492 silly lockFile 55d22a1c-xer-grunt-autoprefixer-1-0-1-tgz https://registry.npmjs.org/grunt-autoprefixer/-/grunt-autoprefixer-1.0.1.tgz
493 verbose lock https://registry.npmjs.org/grunt-autoprefixer/-/grunt-autoprefixer-1.0.1.tgz /Users/honux/.npm/55d22a1c-xer-grunt-autoprefixer-1-0-1-tgz.lock
494 verbose addRemoteTarball [ 'https://registry.npmjs.org/grunt-autoprefixer/-/grunt-autoprefixer-1.0.1.tgz',
494 verbose addRemoteTarball   '4d0db047e4a7488d71e5bda98a18435aee0b4446' ]
495 info retry fetch attempt 1 at 14:17:53
496 verbose fetch to= /var/folders/sm/1ty1lshd72s_b93zvtd0qdx40000gn/T/npm-2825-6Lk60oyf/registry.npmjs.org/grunt-autoprefixer/-/grunt-autoprefixer-1.0.1.tgz
497 http GET https://registry.npmjs.org/grunt-autoprefixer/-/grunt-autoprefixer-1.0.1.tgz
498 silly lockFile f62f47cb-rg-grunt-zip-grunt-zip-0-7-0-tgz https://registry.npmjs.org/grunt-zip/-/grunt-zip-0.7.0.tgz
499 silly lockFile f62f47cb-rg-grunt-zip-grunt-zip-0-7-0-tgz https://registry.npmjs.org/grunt-zip/-/grunt-zip-0.7.0.tgz
500 silly lockFile 27ba1571-grunt-zip-0-7-0 grunt-zip@0.7.0
501 silly lockFile 27ba1571-grunt-zip-0-7-0 grunt-zip@0.7.0
502 silly lockFile 36198899-grunt-zip-0-7-0 grunt-zip@~0.7.0
503 silly lockFile 36198899-grunt-zip-0-7-0 grunt-zip@~0.7.0
504 http 200 https://registry.npmjs.org/underscore
505 silly registry.get cb [ 200,
505 silly registry.get   { date: 'Sun, 08 Mar 2015 05:17:53 GMT',
505 silly registry.get     server: 'CouchDB/1.5.0 (Erlang OTP/R16B03)',
505 silly registry.get     etag: '"826EMLBJR01YVMQ1F46BAITI9"',
505 silly registry.get     'content-type': 'application/json',
505 silly registry.get     'cache-control': 'max-age=60',
505 silly registry.get     'content-length': '38724',
505 silly registry.get     'accept-ranges': 'bytes',
505 silly registry.get     via: '1.1 varnish',
505 silly registry.get     age: '0',
505 silly registry.get     'x-served-by': 'cache-hkg6823-HKG',
505 silly registry.get     'x-cache': 'HIT',
505 silly registry.get     'x-cache-hits': '1',
505 silly registry.get     'x-timer': 'S1425791872.605749,VS0,VE628',
505 silly registry.get     vary: 'Accept',
505 silly registry.get     'keep-alive': 'timeout=10, max=47',
505 silly registry.get     connection: 'Keep-Alive' } ]
506 silly addNameRange number 2 { name: 'underscore',
506 silly addNameRange   range: '>=1.5.1-0 <1.6.0-0',
506 silly addNameRange   hasData: true }
507 silly addNameRange versions [ 'underscore',
507 silly addNameRange   [ '1.0.3',
507 silly addNameRange     '1.0.4',
507 silly addNameRange     '1.1.0',
507 silly addNameRange     '1.1.1',
507 silly addNameRange     '1.1.2',
507 silly addNameRange     '1.1.3',
507 silly addNameRange     '1.1.4',
507 silly addNameRange     '1.1.5',
507 silly addNameRange     '1.1.6',
507 silly addNameRange     '1.1.7',
507 silly addNameRange     '1.2.0',
507 silly addNameRange     '1.2.1',
507 silly addNameRange     '1.2.2',
507 silly addNameRange     '1.2.3',
507 silly addNameRange     '1.2.4',
507 silly addNameRange     '1.3.0',
507 silly addNameRange     '1.3.1',
507 silly addNameRange     '1.3.2',
507 silly addNameRange     '1.3.3',
507 silly addNameRange     '1.4.0',
507 silly addNameRange     '1.4.1',
507 silly addNameRange     '1.4.2',
507 silly addNameRange     '1.4.3',
507 silly addNameRange     '1.4.4',
507 silly addNameRange     '1.5.0',
507 silly addNameRange     '1.5.1',
507 silly addNameRange     '1.5.2',
507 silly addNameRange     '1.6.0',
507 silly addNameRange     '1.7.0',
507 silly addNameRange     '1.8.0',
507 silly addNameRange     '1.8.1',
507 silly addNameRange     '1.8.2' ] ]
508 verbose addNamed [ 'underscore', '1.5.2' ]
509 verbose addNamed [ '1.5.2', '1.5.2' ]
510 silly lockFile 669f6cbc-underscore-1-5-2 underscore@1.5.2
511 verbose lock underscore@1.5.2 /Users/honux/.npm/669f6cbc-underscore-1-5-2.lock
512 silly lockFile 6b9ebfa0--underscore-underscore-1-5-2-tgz https://registry.npmjs.org/underscore/-/underscore-1.5.2.tgz
513 verbose lock https://registry.npmjs.org/underscore/-/underscore-1.5.2.tgz /Users/honux/.npm/6b9ebfa0--underscore-underscore-1-5-2-tgz.lock
514 verbose addRemoteTarball [ 'https://registry.npmjs.org/underscore/-/underscore-1.5.2.tgz',
514 verbose addRemoteTarball   '1335c5e4f5e6d33bbb4b006ba8c86a00f556de08' ]
515 info retry fetch attempt 1 at 14:17:53
516 verbose fetch to= /var/folders/sm/1ty1lshd72s_b93zvtd0qdx40000gn/T/npm-2825-6Lk60oyf/registry.npmjs.org/underscore/-/underscore-1.5.2.tgz
517 http GET https://registry.npmjs.org/underscore/-/underscore-1.5.2.tgz
518 http 200 https://registry.npmjs.org/grunt
519 silly registry.get cb [ 200,
519 silly registry.get   { date: 'Sun, 08 Mar 2015 05:17:53 GMT',
519 silly registry.get     server: 'CouchDB/1.5.0 (Erlang OTP/R16B03)',
519 silly registry.get     etag: '"69JAFNF4FR4U8MPA32CI08AI"',
519 silly registry.get     'content-type': 'application/json',
519 silly registry.get     'cache-control': 'max-age=60',
519 silly registry.get     'content-length': '88583',
519 silly registry.get     'accept-ranges': 'bytes',
519 silly registry.get     via: '1.1 varnish',
519 silly registry.get     age: '0',
519 silly registry.get     'x-served-by': 'cache-hkg6823-HKG',
519 silly registry.get     'x-cache': 'HIT',
519 silly registry.get     'x-cache-hits': '1',
519 silly registry.get     'x-timer': 'S1425791872.303272,VS0,VE1025',
519 silly registry.get     vary: 'Accept',
519 silly registry.get     'keep-alive': 'timeout=10, max=48',
519 silly registry.get     connection: 'Keep-Alive' } ]
520 silly addNameRange number 2 { name: 'grunt', range: '>=0.4.0-0 <0.5.0-0', hasData: true }
521 silly addNameRange versions [ 'grunt',
521 silly addNameRange   [ '0.1.0',
521 silly addNameRange     '0.1.1',
521 silly addNameRange     '0.1.2',
521 silly addNameRange     '0.2.0',
521 silly addNameRange     '0.2.1',
521 silly addNameRange     '0.2.2',
521 silly addNameRange     '0.2.3',
521 silly addNameRange     '0.2.4',
521 silly addNameRange     '0.2.5',
521 silly addNameRange     '0.2.6',
521 silly addNameRange     '0.2.7',
521 silly addNameRange     '0.2.8',
521 silly addNameRange     '0.2.9',
521 silly addNameRange     '0.2.10',
521 silly addNameRange     '0.2.11',
521 silly addNameRange     '0.2.12',
521 silly addNameRange     '0.2.13',
521 silly addNameRange     '0.2.14',
521 silly addNameRange     '0.2.15',
521 silly addNameRange     '0.3.0',
521 silly addNameRange     '0.3.1',
521 silly addNameRange     '0.3.2',
521 silly addNameRange     '0.3.3',
521 silly addNameRange     '0.3.4',
521 silly addNameRange     '0.3.5',
521 silly addNameRange     '0.3.6',
521 silly addNameRange     '0.3.7',
521 silly addNameRange     '0.3.8',
521 silly addNameRange     '0.3.9',
521 silly addNameRange     '0.3.10',
521 silly addNameRange     '0.3.11',
521 silly addNameRange     '0.3.12',
521 silly addNameRange     '0.3.13',
521 silly addNameRange     '0.3.14',
521 silly addNameRange     '0.3.15',
521 silly addNameRange     '0.3.16',
521 silly addNameRange     '0.3.17',
521 silly addNameRange     '0.4.0',
521 silly addNameRange     '0.4.1',
521 silly addNameRange     '0.4.2',
521 silly addNameRange     '0.4.3',
521 silly addNameRange     '0.4.4',
521 silly addNameRange     '0.4.5',
521 silly addNameRange     '0.3.13-a',
521 silly addNameRange     '0.4.0-a',
521 silly addNameRange     '0.4.0-rc1',
521 silly addNameRange     '0.4.0-rc2',
521 silly addNameRange     '0.4.0-rc3',
521 silly addNameRange     '0.4.0-rc4',
521 silly addNameRange     '0.4.0-rc5',
521 silly addNameRange     '0.4.0-rc6',
521 silly addNameRange     '0.4.0-rc7',
521 silly addNameRange     '0.4.0-rc8' ] ]
522 verbose addNamed [ 'grunt', '0.4.5' ]
523 verbose addNamed [ '0.4.5', '0.4.5' ]
524 silly lockFile 81abf7ad-grunt-0-4-5 grunt@0.4.5
525 verbose lock grunt@0.4.5 /Users/honux/.npm/81abf7ad-grunt-0-4-5.lock
526 silly lockFile ea6cf2d1--npmjs-org-grunt-grunt-0-4-5-tgz https://registry.npmjs.org/grunt/-/grunt-0.4.5.tgz
527 verbose lock https://registry.npmjs.org/grunt/-/grunt-0.4.5.tgz /Users/honux/.npm/ea6cf2d1--npmjs-org-grunt-grunt-0-4-5-tgz.lock
528 verbose addRemoteTarball [ 'https://registry.npmjs.org/grunt/-/grunt-0.4.5.tgz',
528 verbose addRemoteTarball   '56937cd5194324adff6d207631832a9d6ba4e7f0' ]
529 info retry fetch attempt 1 at 14:17:53
530 verbose fetch to= /var/folders/sm/1ty1lshd72s_b93zvtd0qdx40000gn/T/npm-2825-6Lk60oyf/registry.npmjs.org/grunt/-/grunt-0.4.5.tgz
531 http GET https://registry.npmjs.org/grunt/-/grunt-0.4.5.tgz
532 http 200 https://registry.npmjs.org/grunt-autoprefixer/-/grunt-autoprefixer-1.0.1.tgz
533 silly lockFile 55d22a1c-xer-grunt-autoprefixer-1-0-1-tgz https://registry.npmjs.org/grunt-autoprefixer/-/grunt-autoprefixer-1.0.1.tgz
534 silly lockFile 55d22a1c-xer-grunt-autoprefixer-1-0-1-tgz https://registry.npmjs.org/grunt-autoprefixer/-/grunt-autoprefixer-1.0.1.tgz
535 silly lockFile 8c447b4f-grunt-autoprefixer-1-0-1 grunt-autoprefixer@1.0.1
536 silly lockFile 8c447b4f-grunt-autoprefixer-1-0-1 grunt-autoprefixer@1.0.1
537 silly lockFile 5b26fa7b-grunt-autoprefixer-1-0-1 grunt-autoprefixer@~1.0.1
538 silly lockFile 5b26fa7b-grunt-autoprefixer-1-0-1 grunt-autoprefixer@~1.0.1
539 http 200 https://registry.npmjs.org/underscore/-/underscore-1.5.2.tgz
540 silly lockFile 6b9ebfa0--underscore-underscore-1-5-2-tgz https://registry.npmjs.org/underscore/-/underscore-1.5.2.tgz
541 silly lockFile 6b9ebfa0--underscore-underscore-1-5-2-tgz https://registry.npmjs.org/underscore/-/underscore-1.5.2.tgz
542 silly lockFile 669f6cbc-underscore-1-5-2 underscore@1.5.2
543 silly lockFile 669f6cbc-underscore-1-5-2 underscore@1.5.2
544 silly lockFile d90b1381-underscore-1-5-1 underscore@~1.5.1
545 silly lockFile d90b1381-underscore-1-5-1 underscore@~1.5.1
546 http 200 https://registry.npmjs.org/grunt/-/grunt-0.4.5.tgz
547 silly lockFile ea6cf2d1--npmjs-org-grunt-grunt-0-4-5-tgz https://registry.npmjs.org/grunt/-/grunt-0.4.5.tgz
548 silly lockFile ea6cf2d1--npmjs-org-grunt-grunt-0-4-5-tgz https://registry.npmjs.org/grunt/-/grunt-0.4.5.tgz
549 silly lockFile 81abf7ad-grunt-0-4-5 grunt@0.4.5
550 silly lockFile 81abf7ad-grunt-0-4-5 grunt@0.4.5
551 silly lockFile cba964e3-grunt-0-4-0 grunt@~0.4.0
552 silly lockFile cba964e3-grunt-0-4-0 grunt@~0.4.0
553 http 200 https://registry.npmjs.org/node-sass
554 silly registry.get cb [ 200,
554 silly registry.get   { date: 'Sun, 08 Mar 2015 05:17:53 GMT',
554 silly registry.get     server: 'CouchDB/1.5.0 (Erlang OTP/R16B03)',
554 silly registry.get     etag: '"52HTNK40FVMR1CRA1GSYQ4J1H"',
554 silly registry.get     'content-type': 'application/json',
554 silly registry.get     'cache-control': 'max-age=60',
554 silly registry.get     'content-length': '106622',
554 silly registry.get     'accept-ranges': 'bytes',
554 silly registry.get     via: '1.1 varnish',
554 silly registry.get     age: '0',
554 silly registry.get     'x-served-by': 'cache-hkg6822-HKG',
554 silly registry.get     'x-cache': 'HIT',
554 silly registry.get     'x-cache-hits': '1',
554 silly registry.get     'x-timer': 'S1425791872.497376,VS0,VE1042',
554 silly registry.get     vary: 'Accept',
554 silly registry.get     'keep-alive': 'timeout=10, max=49',
554 silly registry.get     connection: 'Keep-Alive' } ]
555 silly addNameRange number 2 { name: 'node-sass',
555 silly addNameRange   range: '>=0.9.3-0 <0.10.0-0',
555 silly addNameRange   hasData: true }
556 silly addNameRange versions [ 'node-sass',
556 silly addNameRange   [ '0.2.0',
556 silly addNameRange     '0.2.1',
556 silly addNameRange     '0.2.2',
556 silly addNameRange     '0.2.3',
556 silly addNameRange     '0.2.4',
556 silly addNameRange     '0.2.5',
556 silly addNameRange     '0.2.6',
556 silly addNameRange     '0.3.0',
556 silly addNameRange     '0.4.0',
556 silly addNameRange     '0.4.1',
556 silly addNameRange     '0.4.2',
556 silly addNameRange     '0.4.3',
556 silly addNameRange     '0.4.4',
556 silly addNameRange     '0.5.0',
556 silly addNameRange     '0.5.1',
556 silly addNameRange     '0.5.2',
556 silly addNameRange     '0.5.3',
556 silly addNameRange     '0.5.4',
556 silly addNameRange     '0.6.0',
556 silly addNameRange     '0.6.1',
556 silly addNameRange     '0.6.2',
556 silly addNameRange     '0.6.3',
556 silly addNameRange     '0.6.4',
556 silly addNameRange     '0.6.5',
556 silly addNameRange     '0.6.6',
556 silly addNameRange     '0.6.7',
556 silly addNameRange     '0.7.0-alpha',
556 silly addNameRange     '0.7.0',
556 silly addNameRange     '0.8.0',
556 silly addNameRange     '0.8.1',
556 silly addNameRange     '0.8.2',
556 silly addNameRange     '0.8.3',
556 silly addNameRange     '0.8.4',
556 silly addNameRange     '0.8.5',
556 silly addNameRange     '0.8.6',
556 silly addNameRange     '0.9.0',
556 silly addNameRange     '0.9.1',
556 silly addNameRange     '0.9.2',
556 silly addNameRange     '0.9.3',
556 silly addNameRange     '0.9.4-rc1',
556 silly addNameRange     '0.9.4',
556 silly addNameRange     '0.9.5-rc1',
556 silly addNameRange     '0.9.5',
556 silly addNameRange     '0.9.6',
556 silly addNameRange     '1.0.0',
556 silly addNameRange     '1.0.1',
556 silly addNameRange     '1.0.2-alpha',
556 silly addNameRange     '1.0.2',
556 silly addNameRange     '1.0.3',
556 silly addNameRange     '1.1.0',
556 silly addNameRange     '1.1.1',
556 silly addNameRange     '1.1.2',
556 silly addNameRange     '1.1.3',
556 silly addNameRange     '1.1.4',
556 silly addNameRange     '1.2.0',
556 silly addNameRange     '1.2.1',
556 silly addNameRange     '1.2.2',
556 silly addNameRange     '1.2.3',
556 silly addNameRange     '2.0.0-beta',
556 silly addNameRange     '2.0.0',
556 silly addNameRange     '2.0.1' ] ]
557 verbose addNamed [ 'node-sass', '0.9.6' ]
558 verbose addNamed [ '0.9.6', '0.9.6' ]
559 silly lockFile 0c9257bf-node-sass-0-9-6 node-sass@0.9.6
560 verbose lock node-sass@0.9.6 /Users/honux/.npm/0c9257bf-node-sass-0-9-6.lock
561 silly lockFile 46e76868-rg-node-sass-node-sass-0-9-6-tgz https://registry.npmjs.org/node-sass/-/node-sass-0.9.6.tgz
562 verbose lock https://registry.npmjs.org/node-sass/-/node-sass-0.9.6.tgz /Users/honux/.npm/46e76868-rg-node-sass-node-sass-0-9-6-tgz.lock
563 verbose addRemoteTarball [ 'https://registry.npmjs.org/node-sass/-/node-sass-0.9.6.tgz',
563 verbose addRemoteTarball   '0f8aab5332b9bdbd075406c8b7b8fd7c48014da5' ]
564 info retry fetch attempt 1 at 14:17:53
565 verbose fetch to= /var/folders/sm/1ty1lshd72s_b93zvtd0qdx40000gn/T/npm-2825-6Lk60oyf/registry.npmjs.org/node-sass/-/node-sass-0.9.6.tgz
566 http GET https://registry.npmjs.org/node-sass/-/node-sass-0.9.6.tgz
567 http 200 https://registry.npmjs.org/node-sass/-/node-sass-0.9.6.tgz
568 http 200 https://registry.npmjs.org/express
569 silly registry.get cb [ 200,
569 silly registry.get   { date: 'Sun, 08 Mar 2015 05:17:53 GMT',
569 silly registry.get     server: 'CouchDB/1.5.0 (Erlang OTP/R16B03)',
569 silly registry.get     etag: '"1MHEMS0T1D2PB1QIJE899VTPN"',
569 silly registry.get     'content-type': 'application/json',
569 silly registry.get     'cache-control': 'max-age=60',
569 silly registry.get     'content-length': '485756',
569 silly registry.get     'accept-ranges': 'bytes',
569 silly registry.get     via: '1.1 varnish',
569 silly registry.get     age: '0',
569 silly registry.get     'x-served-by': 'cache-hkg6825-HKG',
569 silly registry.get     'x-cache': 'HIT',
569 silly registry.get     'x-cache-hits': '1',
569 silly registry.get     'x-timer': 'S1425791872.770921,VS0,VE643',
569 silly registry.get     vary: 'Accept',
569 silly registry.get     'keep-alive': 'timeout=10, max=48',
569 silly registry.get     connection: 'Keep-Alive' } ]
570 silly addNameRange number 2 { name: 'express', range: '>=2.5.9-0 <2.6.0-0', hasData: true }
571 silly addNameRange versions [ 'express',
571 silly addNameRange   [ '0.14.0',
571 silly addNameRange     '0.14.1',
571 silly addNameRange     '1.0.0',
571 silly addNameRange     '1.0.1',
571 silly addNameRange     '1.0.2',
571 silly addNameRange     '1.0.3',
571 silly addNameRange     '1.0.4',
571 silly addNameRange     '1.0.5',
571 silly addNameRange     '1.0.6',
571 silly addNameRange     '1.0.7',
571 silly addNameRange     '1.0.8',
571 silly addNameRange     '2.0.0',
571 silly addNameRange     '2.1.0',
571 silly addNameRange     '2.1.1',
571 silly addNameRange     '2.2.0',
571 silly addNameRange     '2.2.1',
571 silly addNameRange     '2.2.2',
571 silly addNameRange     '2.3.0',
571 silly addNameRange     '2.3.1',
571 silly addNameRange     '2.3.2',
571 silly addNameRange     '2.3.3',
571 silly addNameRange     '2.3.4',
571 silly addNameRange     '2.3.5',
571 silly addNameRange     '2.3.6',
571 silly addNameRange     '2.3.7',
571 silly addNameRange     '2.3.8',
571 silly addNameRange     '2.3.9',
571 silly addNameRange     '2.3.10',
571 silly addNameRange     '2.3.11',
571 silly addNameRange     '2.3.12',
571 silly addNameRange     '2.4.0',
571 silly addNameRange     '2.4.1',
571 silly addNameRange     '2.4.2',
571 silly addNameRange     '2.4.3',
571 silly addNameRange     '2.4.4',
571 silly addNameRange     '2.4.5',
571 silly addNameRange     '2.4.6',
571 silly addNameRange     '2.4.7',
571 silly addNameRange     '2.5.0',
571 silly addNameRange     '2.5.1',
571 silly addNameRange     '2.5.2',
571 silly addNameRange     '2.5.3',
571 silly addNameRange     '2.5.4',
571 silly addNameRange     '2.5.5',
571 silly addNameRange     '2.5.6',
571 silly addNameRange     '2.5.7',
571 silly addNameRange     '2.5.8',
571 silly addNameRange     '2.5.9',
571 silly addNameRange     '2.5.10',
571 silly addNameRange     '2.5.11',
571 silly addNameRange     '3.0.0',
571 silly addNameRange     '3.0.1',
571 silly addNameRange     '3.0.2',
571 silly addNameRange     '3.0.3',
571 silly addNameRange     '3.0.4',
571 silly addNameRange     '3.0.5',
571 silly addNameRange     '3.0.6',
571 silly addNameRange     '3.1.0',
571 silly addNameRange     '3.1.1',
571 silly addNameRange     '3.1.2',
571 silly addNameRange     '3.2.0',
571 silly addNameRange     '3.2.1',
571 silly addNameRange     '3.2.2',
571 silly addNameRange     '3.2.3',
571 silly addNameRange     '3.2.4',
571 silly addNameRange     '3.2.5',
571 silly addNameRange     '3.2.6',
571 silly addNameRange     '3.3.0',
571 silly addNameRange     '3.3.1',
571 silly addNameRange     '3.3.2',
571 silly addNameRange     '3.3.3',
571 silly addNameRange     '3.3.4',
571 silly addNameRange     '3.3.5',
571 silly addNameRange     '3.3.6',
571 silly addNameRange     '1.0.0-beta',
571 silly addNameRange     '1.0.0-beta2',
571 silly addNameRange     '1.0.0-rc',
571 silly addNameRange     '1.0.0-rc2',
571 silly addNameRange     '1.0.0-rc3',
571 silly addNameRange     '1.0.0-rc4',
571 silly addNameRange     '2.0.0-beta',
571 silly addNameRange     '2.0.0-beta2',
571 silly addNameRange     '2.0.0-beta3',
571 silly addNameRange     '2.0.0-rc',
571 silly addNameRange     '2.0.0-rc2',
571 silly addNameRange     '2.0.0-rc3',
571 silly addNameRange     '3.0.0-alpha1',
571 silly addNameRange     '3.0.0-alpha2',
571 silly addNameRange     '3.0.0-alpha3',
571 silly addNameRange     '3.0.0-alpha4',
571 silly addNameRange     '3.0.0-alpha5',
571 silly addNameRange     '3.0.0-beta1',
571 silly addNameRange     '3.0.0-beta2',
571 silly addNameRange     '3.0.0-beta3',
571 silly addNameRange     '3.0.0-beta4',
571 silly addNameRange     '3.0.0-beta6',
571 silly addNameRange     '3.0.0-beta7',
571 silly addNameRange     '3.0.0-rc1',
571 silly addNameRange     '3.0.0-rc2',
571 silly addNameRange     '3.0.0-rc3',
571 silly addNameRange     '3.0.0-rc4',
571 silly addNameRange     '3.0.0-rc5',
571 silly addNameRange     '3.3.7',
571 silly addNameRange     '3.3.8',
571 silly addNameRange     '3.4.0',
571 silly addNameRange     '3.4.1',
571 silly addNameRange     '3.4.2',
571 silly addNameRange     '3.4.3',
571 silly addNameRange     '3.4.4',
571 silly addNameRange     '3.4.5',
571 silly addNameRange     '3.4.6',
571 silly addNameRange     '3.4.7',
571 silly addNameRange     '3.4.8',
571 silly addNameRange     '4.0.0-rc1',
571 silly addNameRange     '4.0.0-rc2',
571 silly addNameRange     '3.5.0',
571 silly addNameRange     '4.0.0-rc3',
571 silly addNameRange     '4.0.0-rc4',
571 silly addNameRange     '3.5.1',
571 silly addNameRange     '4.0.0',
571 silly addNameRange     '3.5.2',
571 silly addNameRange     '4.1.0',
571 silly addNameRange     '4.1.1',
571 silly addNameRange     '3.5.3',
571 silly addNameRange     '4.1.2',
571 silly addNameRange     '3.6.0',
571 silly addNameRange     '4.2.0',
571 silly addNameRange     '3.7.0',
571 silly addNameRange     '3.8.0',
571 silly addNameRange     '4.3.0',
571 silly addNameRange     '4.3.1',
571 silly addNameRange     '3.8.1',
571 silly addNameRange     '4.3.2',
571 silly addNameRange     '3.9.0',
571 silly addNameRange     '4.4.0',
571 silly addNameRange     '4.4.1',
571 silly addNameRange     '3.10.0',
571 silly addNameRange     '3.10.1',
571 silly addNameRange     '3.10.2',
571 silly addNameRange     '3.10.3',
571 silly addNameRange     '3.10.4',
571 silly addNameRange     '4.4.2',
571 silly addNameRange     '3.10.5',
571 silly addNameRange     '4.4.3',
571 silly addNameRange     '3.11.0',
571 silly addNameRange     '4.4.4',
571 silly addNameRange     '3.12.0',
571 silly addNameRange     '3.12.1',
571 silly addNameRange     '4.4.5',
571 silly addNameRange     '3.13.0',
571 silly addNameRange     '4.5.0',
571 silly addNameRange     '4.5.1',
571 silly addNameRange     '3.14.0',
571 silly addNameRange     '4.6.0',
571 silly addNameRange     '4.6.1',
571 silly addNameRange     '3.15.0',
571 silly addNameRange     '4.7.0',
571 silly addNameRange     '3.15.1',
571 silly addNameRange     '4.7.1',
571 silly addNameRange     '3.15.2',
571 silly addNameRange     '4.7.2',
571 silly addNameRange     '4.7.3',
571 silly addNameRange     '3.15.3',
571 silly addNameRange     '4.7.4',
571 silly addNameRange     '3.16.0',
571 silly addNameRange     '4.8.0',
571 silly addNameRange     '3.16.1',
571 silly addNameRange     '4.8.1',
571 silly addNameRange     '3.16.2',
571 silly addNameRange     '4.8.2',
571 silly addNameRange     '3.16.3',
571 silly addNameRange     '3.16.4',
571 silly addNameRange     '4.8.3',
571 silly addNameRange     '3.16.5',
571 silly addNameRange     '3.16.6',
571 silly addNameRange     '4.8.4',
571 silly addNameRange     '3.16.7',
571 silly addNameRange     '4.8.5',
571 silly addNameRange     '3.16.8',
571 silly addNameRange     '4.8.6',
571 silly addNameRange     '3.16.9',
571 silly addNameRange     '4.8.7',
571 silly addNameRange     '3.16.10',
571 silly addNameRange     '4.8.8',
571 silly addNameRange     '3.17.0',
571 silly addNameRange     '3.17.1',
571 silly addNameRange     '4.9.0',
571 silly addNameRange     '3.17.2',
571 silly addNameRange     '4.9.1',
571 silly addNameRange     '4.9.2',
571 silly addNameRange     '3.17.3',
571 silly addNameRange     '4.9.3',
571 silly addNameRange     '3.17.4',
571 silly addNameRange     '4.9.4',
571 silly addNameRange     '3.17.5',
571 silly addNameRange     '4.9.5',
571 silly addNameRange     '3.17.6',
571 silly addNameRange     '3.17.7',
571 silly addNameRange     '4.9.6',
571 silly addNameRange     '4.9.7',
571 silly addNameRange     '3.17.8',
571 silly addNameRange     '4.9.8',
571 silly addNameRange     '3.18.0',
571 silly addNameRange     '3.18.1',
571 silly addNameRange     '4.10.0',
571 silly addNameRange     '3.18.2',
571 silly addNameRange     '4.10.1',
571 silly addNameRange     '5.0.0-alpha.1',
571 silly addNameRange     '3.18.3',
571 silly addNameRange     '4.10.2',
571 silly addNameRange     '3.18.4',
571 silly addNameRange     '4.10.3',
571 silly addNameRange     '4.10.4',
571 silly addNameRange     '4.10.5',
571 silly addNameRange     '3.18.5',
571 silly addNameRange     '3.18.6',
571 silly addNameRange     '4.10.6',
571 silly addNameRange     '4.10.7',
571 silly addNameRange     '3.19.0',
571 silly addNameRange     '4.10.8',
571 silly addNameRange     '4.11.0',
571 silly addNameRange     '3.19.1',
571 silly addNameRange     '4.11.1',
571 silly addNameRange     '3.19.2',
571 silly addNameRange     '4.11.2',
571 silly addNameRange     '3.20.0',
571 silly addNameRange     '4.12.0',
571 silly addNameRange     '3.20.1',
571 silly addNameRange     '4.12.1',
571 silly addNameRange     '4.12.2' ] ]
572 verbose addNamed [ 'express', '2.5.11' ]
573 verbose addNamed [ '2.5.11', '2.5.11' ]
574 silly lockFile 631042f2-express-2-5-11 express@2.5.11
575 verbose lock express@2.5.11 /Users/honux/.npm/631042f2-express-2-5-11.lock
576 silly lockFile ba242734-s-org-express-express-2-5-11-tgz https://registry.npmjs.org/express/-/express-2.5.11.tgz
577 verbose lock https://registry.npmjs.org/express/-/express-2.5.11.tgz /Users/honux/.npm/ba242734-s-org-express-express-2-5-11-tgz.lock
578 verbose addRemoteTarball [ 'https://registry.npmjs.org/express/-/express-2.5.11.tgz',
578 verbose addRemoteTarball   '4ce8ea1f3635e69e49f0ebb497b6a4b0a51ce6f0' ]
579 info retry fetch attempt 1 at 14:17:54
580 verbose fetch to= /var/folders/sm/1ty1lshd72s_b93zvtd0qdx40000gn/T/npm-2825-6Lk60oyf/registry.npmjs.org/express/-/express-2.5.11.tgz
581 http GET https://registry.npmjs.org/express/-/express-2.5.11.tgz
582 http 200 https://registry.npmjs.org/express/-/express-2.5.11.tgz
583 silly lockFile ba242734-s-org-express-express-2-5-11-tgz https://registry.npmjs.org/express/-/express-2.5.11.tgz
584 silly lockFile ba242734-s-org-express-express-2-5-11-tgz https://registry.npmjs.org/express/-/express-2.5.11.tgz
585 silly lockFile 631042f2-express-2-5-11 express@2.5.11
586 silly lockFile 631042f2-express-2-5-11 express@2.5.11
587 silly lockFile 0d367583-express-2-5-9 express@~2.5.9
588 silly lockFile 0d367583-express-2-5-9 express@~2.5.9
589 silly lockFile 46e76868-rg-node-sass-node-sass-0-9-6-tgz https://registry.npmjs.org/node-sass/-/node-sass-0.9.6.tgz
590 silly lockFile 46e76868-rg-node-sass-node-sass-0-9-6-tgz https://registry.npmjs.org/node-sass/-/node-sass-0.9.6.tgz
591 silly lockFile 0c9257bf-node-sass-0-9-6 node-sass@0.9.6
592 silly lockFile 0c9257bf-node-sass-0-9-6 node-sass@0.9.6
593 silly lockFile 930c0e3e-node-sass-0-9-3 node-sass@~0.9.3
594 silly lockFile 930c0e3e-node-sass-0-9-3 node-sass@~0.9.3
595 error Error: EACCES, mkdir '/Users/honux/.npm/express/2.5.11'
595 error  { [Error: EACCES, mkdir '/Users/honux/.npm/express/2.5.11']
595 error   errno: 3,
595 error   code: 'EACCES',
595 error   path: '/Users/honux/.npm/express/2.5.11',
595 error   parent: 'reveal.js' }
596 error Please try running this command again as root/Administrator.
597 error System Darwin 14.1.0
598 error command "node" "/usr/local/bin/npm" "install"
599 error cwd /Users/honux/dev/github/reveal.js
600 error node -v v0.10.33
601 error npm -v 1.4.28
602 error path /Users/honux/.npm/express/2.5.11
603 error code EACCES
604 error errno 3
605 error stack Error: EACCES, mkdir '/Users/honux/.npm/express/2.5.11'
606 verbose exit [ 3, true ]
